Ex1 (OOP) Simulator log: stage B2.json,  B2_call_a.csv
0.0,OOP_Ex1_Elevator_Simulator
0.0,Simulated Building, Building [-2,10]
0) ex1.Elevator_A, Elev_, id,0,  speed, 1.0, open: 2.0,  start: 3.0, close: 2.0,  stop: 3.0
1) ex1.Elevator_A, Elev_, id,1,  speed, 2.0, open: 2.0,  start: 3.0, close: 2.0,  stop: 3.0

0.0,Simulated Period starTime,0.0,  endTime,1104.1840186,  dt,1.0
0.0,Simulated  calls,Elevator log, size: 100
0.0,**** Simulation starts!! ****
5.0,Elevator call,4.37472729,0,-1,1,0, got allocated to elevator, 0
5.0,Elev,0,  arrived at src, 0, Elevator call,4.37472729,0,-1,2,0
5.0, elevID,0,  pos,0,  cmd, goto,-1
16.0,Elev,0,  arrived at dest, -1, this call is done!, Elevator call,4.37472729,0,-1,3,0, Done, dt, 11.62527271
17.0,Elevator call,16.95788289,-1,0,1,0, got allocated to elevator, 0
17.0,Elev,0,  arrived at src, -1, Elevator call,16.95788289,-1,0,2,0
17.0, elevID,0,  pos,-1,  cmd, goto,0
23.0,Elevator call,22.0940563,0,-1,1,0, got allocated to elevator, 0
28.0,Elev,0,  arrived at dest, 0, this call is done!, Elevator call,16.95788289,-1,0,3,0, Done, dt, 11.04211711
28.0,Elev,0,  arrived at src, 0, Elevator call,22.0940563,0,-1,2,0
28.0, elevID,0,  pos,0,  cmd, goto,-1
39.0,Elev,0,  arrived at dest, -1, this call is done!, Elevator call,22.0940563,0,-1,3,0, Done, dt, 16.9059437
86.0,Elevator call,85.52096662,3,2,1,1, got allocated to elevator, 1
86.0, elevID,1,  pos,0,  cmd, goto,3
92.0,Elevator call,91.21019413,-1,-2,1,0, got allocated to elevator, 0
92.0,Elev,0,  arrived at src, -1, Elevator call,91.21019413,-1,-2,2,0
92.0, elevID,0,  pos,-1,  cmd, goto,-2
98.0,Elev,1,  arrived at src, 3, Elevator call,85.52096662,3,2,2,1
98.0, elevID,1,  pos,3,  cmd, goto,2
103.0,Elev,0,  arrived at dest, -2, this call is done!, Elevator call,91.21019413,-1,-2,3,0, Done, dt, 11.789805869999995
105.0,Elevator call,104.1370124,0,4,1,0, got allocated to elevator, 0
105.0, elevID,0,  pos,-2,  cmd, goto,0
109.0,Elev,1,  arrived at dest, 2, this call is done!, Elevator call,85.52096662,3,2,3,1, Done, dt, 23.479033380000004
110.0,Elevator call,109.2135291,-1,0,1,1, got allocated to elevator, 1
110.0, elevID,1,  pos,2,  cmd, goto,-1
115.0,Elevator call,114.392351,3,0,1,0, got allocated to elevator, 0
117.0,Elev,0,  arrived at src, 0, Elevator call,104.1370124,0,4,2,0
117.0, elevID,0,  pos,0,  cmd, goto,3
122.0,Elev,1,  arrived at src, -1, Elevator call,109.2135291,-1,0,2,1
122.0, elevID,1,  pos,-1,  cmd, goto,0
125.0,Elevator call,124.425571,0,9,1,0, got allocated to elevator, 0
130.0,Elev,0,  arrived at src, 3, Elevator call,114.392351,3,0,2,0
130.0, elevID,0,  pos,3,  cmd, goto,4
131.0,Elevator call,130.0249568,8,10,1,0, got allocated to elevator, 0
131.0,Elevator call,130.2249113,-1,1,1,1, got allocated to elevator, 1
133.0,Elev,1,  arrived at dest, 0, this call is done!, Elevator call,109.2135291,-1,0,3,1, Done, dt, 23.786470899999998
133.0, elevID,1,  pos,0,  cmd, goto,-1
138.0,Elevator call,137.9515274,0,4,1,1, got allocated to elevator, 1
, elevID,1,  pos,0,  cmd, stop,0
141.0,Elev,0,  arrived at dest, 4, this call is done!, Elevator call,104.1370124,0,4,3,0, Done, dt, 36.8629876
141.0, elevID,0,  pos,4,  cmd, goto,8
143.0,Elev,1,  arrived at src, 0, Elevator call,137.9515274,0,4,2,1
143.0, elevID,1,  pos,0,  cmd, goto,-1
144.0,Elevator call,143.9133584,0,6,1,1, got allocated to elevator, 1
, elevID,1,  pos,0,  cmd, stop,0
153.0,Elev,1,  arrived at src, 0, Elevator call,143.9133584,0,6,2,1
153.0, elevID,1,  pos,0,  cmd, goto,-1
155.0,Elev,0,  arrived at src, 8, Elevator call,130.0249568,8,10,2,0
155.0, elevID,0,  pos,8,  cmd, goto,10
164.0,Elev,1,  arrived at src, -1, Elevator call,130.2249113,-1,1,2,1
164.0, elevID,1,  pos,-1,  cmd, goto,1
167.0,Elev,0,  arrived at dest, 10, this call is done!, Elevator call,130.0249568,8,10,3,0, Done, dt, 36.97504319999999
167.0, elevID,0,  pos,10,  cmd, goto,0
170.0,Elevator call,169.7845834,-1,0,1,1, got allocated to elevator, 1
171.0,Elevator call,170.0099621,0,6,1,1, got allocated to elevator, 1
172.0,Elevator call,171.2117332,-1,8,1,1, got allocated to elevator, 1
175.0,Elevator call,174.8438515,0,-1,1,1, got allocated to elevator, 1
175.0,Elev,1,  arrived at dest, 1, this call is done!, Elevator call,130.2249113,-1,1,3,1, Done, dt, 44.7750887
175.0, elevID,1,  pos,1,  cmd, goto,4
187.0,Elev,0,  arrived at dest, 0, this call is done!, Elevator call,114.392351,3,0,3,0, Done, dt, 72.607649
187.0,Elev,0,  arrived at src, 0, Elevator call,124.425571,0,9,2,0
187.0, elevID,0,  pos,0,  cmd, goto,9
187.0,Elev,1,  arrived at dest, 4, this call is done!, Elevator call,137.9515274,0,4,3,1, Done, dt, 49.0484726
187.0, elevID,1,  pos,4,  cmd, goto,6
188.0,Elevator call,187.1167862,-1,-2,1,1, got allocated to elevator, 1
188.0,Elevator call,187.7299318,-1,-2,1,1, got allocated to elevator, 1
196.0,Elevator call,195.9086965,0,7,1,1, got allocated to elevator, 1
198.0,Elevator call,197.5359191,-1,1,1,1, got allocated to elevator, 1
198.0,Elev,1,  arrived at dest, 6, this call is done!, Elevator call,143.9133584,0,6,3,1, Done, dt, 54.08664160000001
198.0, elevID,1,  pos,6,  cmd, goto,0
206.0,Elevator call,205.9895199,-1,0,1,1, got allocated to elevator, 1
206.0,Elev,0,  arrived at dest, 9, this call is done!, Elevator call,124.425571,0,9,3,0, Done, dt, 81.574429
211.0,Elev,1,  arrived at src, 0, Elevator call,170.0099621,0,6,2,1
211.0,Elev,1,  arrived at src, 0, Elevator call,174.8438515,0,-1,2,1
211.0,Elev,1,  arrived at src, 0, Elevator call,195.9086965,0,7,2,1
211.0, elevID,1,  pos,0,  cmd, goto,-1
222.0,Elev,1,  arrived at src, -1, Elevator call,169.7845834,-1,0,2,1
222.0,Elev,1,  arrived at src, -1, Elevator call,171.2117332,-1,8,2,1
222.0,Elev,1,  arrived at dest, -1, this call is done!, Elevator call,174.8438515,0,-1,3,1, Done, dt, 47.1561485
222.0,Elev,1,  arrived at src, -1, Elevator call,187.1167862,-1,-2,2,1
222.0,Elev,1,  arrived at src, -1, Elevator call,187.7299318,-1,-2,2,1
222.0,Elev,1,  arrived at src, -1, Elevator call,197.5359191,-1,1,2,1
222.0,Elev,1,  arrived at src, -1, Elevator call,205.9895199,-1,0,2,1
222.0, elevID,1,  pos,-1,  cmd, goto,-2
228.0,Elevator call,227.0798305,-1,5,1,1, got allocated to elevator, 1
232.0,Elevator call,231.5157882,-1,0,1,1, got allocated to elevator, 1
233.0,Elevator call,232.9504362,0,-1,1,1, got allocated to elevator, 1
233.0,Elev,1,  arrived at dest, -2, this call is done!, Elevator call,187.1167862,-1,-2,3,1, Done, dt, 45.88321379999999
233.0,Elev,1,  arrived at dest, -2, this call is done!, Elevator call,187.7299318,-1,-2,3,1, Done, dt, 45.2700682
233.0, elevID,1,  pos,-2,  cmd, goto,-1
244.0,Elev,1,  arrived at src, -1, Elevator call,227.0798305,-1,5,2,1
244.0,Elev,1,  arrived at src, -1, Elevator call,231.5157882,-1,0,2,1
244.0, elevID,1,  pos,-1,  cmd, goto,0
252.0,Elevator call,251.1044469,-1,-2,1,1, got allocated to elevator, 1
252.0,Elevator call,251.2359335,0,9,1,1, got allocated to elevator, 1
255.0,Elevator call,254.6977153,3,4,1,1, got allocated to elevator, 1
255.0,Elev,1,  arrived at dest, 0, this call is done!, Elevator call,169.7845834,-1,0,3,1, Done, dt, 85.2154166
255.0,Elev,1,  arrived at dest, 0, this call is done!, Elevator call,205.9895199,-1,0,3,1, Done, dt, 49.010480099999995
255.0,Elev,1,  arrived at dest, 0, this call is done!, Elevator call,231.5157882,-1,0,3,1, Done, dt, 23.484211799999997
255.0,Elev,1,  arrived at src, 0, Elevator call,232.9504362,0,-1,2,1
255.0,Elev,1,  arrived at src, 0, Elevator call,251.2359335,0,9,2,1
255.0, elevID,1,  pos,0,  cmd, goto,1
258.0,Elevator call,257.7974435,-1,0,1,1, got allocated to elevator, 1
266.0,Elev,1,  arrived at dest, 1, this call is done!, Elevator call,197.5359191,-1,1,3,1, Done, dt, 68.4640809
266.0, elevID,1,  pos,1,  cmd, goto,3
277.0,Elev,1,  arrived at src, 3, Elevator call,254.6977153,3,4,2,1
277.0, elevID,1,  pos,3,  cmd, goto,4
288.0,Elev,1,  arrived at dest, 4, this call is done!, Elevator call,254.6977153,3,4,3,1, Done, dt, 33.3022847
288.0, elevID,1,  pos,4,  cmd, goto,5
296.0,Elevator call,295.7943357,0,1,1,1, got allocated to elevator, 1
299.0,Elev,1,  arrived at dest, 5, this call is done!, Elevator call,227.0798305,-1,5,3,1, Done, dt, 71.92016949999999
299.0, elevID,1,  pos,5,  cmd, goto,6
305.0,Elevator call,304.9984388,6,0,1,0, got allocated to elevator, 0
305.0, elevID,0,  pos,9,  cmd, goto,6
310.0,Elevator call,309.3005383,0,-1,1,0, got allocated to elevator, 0
310.0,Elev,1,  arrived at dest, 6, this call is done!, Elevator call,170.0099621,0,6,3,1, Done, dt, 139.9900379
310.0, elevID,1,  pos,6,  cmd, goto,7
313.0,Elevator call,312.3018556,0,-1,1,0, got allocated to elevator, 0
317.0,Elevator call,316.0323783,0,-1,1,0, got allocated to elevator, 0
318.0,Elev,0,  arrived at src, 6, Elevator call,304.9984388,6,0,2,0
318.0, elevID,0,  pos,6,  cmd, goto,0
320.0,Elevator call,319.905202,6,5,1,1, got allocated to elevator, 1
321.0,Elevator call,320.9760749,-1,0,1,0, got allocated to elevator, 0
321.0,Elev,1,  arrived at dest, 7, this call is done!, Elevator call,195.9086965,0,7,3,1, Done, dt, 125.09130350000001
321.0, elevID,1,  pos,7,  cmd, goto,8
322.0,Elevator call,321.370409,7,-1,1,1, got allocated to elevator, 1
322.0, elevID,1,  pos,7,  cmd, stop,7
331.0,Elev,1,  arrived at src, 7, Elevator call,321.370409,7,-1,2,1
331.0, elevID,1,  pos,7,  cmd, goto,8
333.0,Elevator call,332.4267319,0,10,1,0, got allocated to elevator, 0
334.0,Elev,0,  arrived at dest, 0, this call is done!, Elevator call,304.9984388,6,0,3,0, Done, dt, 29.001561200000026
334.0,Elev,0,  arrived at src, 0, Elevator call,309.3005383,0,-1,2,0
334.0,Elev,0,  arrived at src, 0, Elevator call,312.3018556,0,-1,2,0
334.0,Elev,0,  arrived at src, 0, Elevator call,316.0323783,0,-1,2,0
334.0,Elev,0,  arrived at src, 0, Elevator call,332.4267319,0,10,2,0
334.0, elevID,0,  pos,0,  cmd, goto,-1
337.0,Elevator call,336.9304305,-1,0,1,1, got allocated to elevator, 1
342.0,Elev,1,  arrived at dest, 8, this call is done!, Elevator call,171.2117332,-1,8,3,1, Done, dt, 170.7882668
342.0, elevID,1,  pos,8,  cmd, goto,9
345.0,Elev,0,  arrived at dest, -1, this call is done!, Elevator call,309.3005383,0,-1,3,0, Done, dt, 35.69946169999997
345.0,Elev,0,  arrived at dest, -1, this call is done!, Elevator call,312.3018556,0,-1,3,0, Done, dt, 32.69814439999999
345.0,Elev,0,  arrived at dest, -1, this call is done!, Elevator call,316.0323783,0,-1,3,0, Done, dt, 28.967621699999995
345.0,Elev,0,  arrived at src, -1, Elevator call,320.9760749,-1,0,2,0
345.0, elevID,0,  pos,-1,  cmd, goto,0
353.0,Elev,1,  arrived at dest, 9, this call is done!, Elevator call,251.2359335,0,9,3,1, Done, dt, 101.76406650000001
353.0, elevID,1,  pos,9,  cmd, goto,6
356.0,Elev,0,  arrived at dest, 0, this call is done!, Elevator call,320.9760749,-1,0,3,0, Done, dt, 35.023925099999985
356.0, elevID,0,  pos,0,  cmd, goto,10
365.0,Elev,1,  arrived at src, 6, Elevator call,319.905202,6,5,2,1
365.0, elevID,1,  pos,6,  cmd, goto,5
376.0,Elevator call,375.490481,1,0,1,1, got allocated to elevator, 1
376.0,Elev,0,  arrived at dest, 10, this call is done!, Elevator call,332.4267319,0,10,3,0, Done, dt, 43.57326810000001
376.0,Elev,1,  arrived at dest, 5, this call is done!, Elevator call,319.905202,6,5,3,1, Done, dt, 56.094798000000026
376.0, elevID,1,  pos,5,  cmd, goto,1
388.0,Elev,1,  arrived at src, 1, Elevator call,375.490481,1,0,2,1
388.0, elevID,1,  pos,1,  cmd, goto,0
393.0,Elevator call,392.5160765,0,5,1,1, got allocated to elevator, 1
399.0,Elev,1,  arrived at src, 0, Elevator call,295.7943357,0,1,2,1
399.0,Elev,1,  arrived at dest, 0, this call is done!, Elevator call,375.490481,1,0,3,1, Done, dt, 23.50951900000001
399.0,Elev,1,  arrived at src, 0, Elevator call,392.5160765,0,5,2,1
399.0, elevID,1,  pos,0,  cmd, goto,-1
406.0,Elevator call,405.1821141,-1,10,1,1, got allocated to elevator, 1
410.0,Elev,1,  arrived at dest, -1, this call is done!, Elevator call,232.9504362,0,-1,3,1, Done, dt, 177.0495638
410.0,Elev,1,  arrived at src, -1, Elevator call,251.1044469,-1,-2,2,1
410.0,Elev,1,  arrived at src, -1, Elevator call,257.7974435,-1,0,2,1
410.0,Elev,1,  arrived at dest, -1, this call is done!, Elevator call,321.370409,7,-1,3,1, Done, dt, 88.629591
410.0,Elev,1,  arrived at src, -1, Elevator call,336.9304305,-1,0,2,1
410.0,Elev,1,  arrived at src, -1, Elevator call,405.1821141,-1,10,2,1
410.0, elevID,1,  pos,-1,  cmd, goto,-2
421.0,Elev,1,  arrived at dest, -2, this call is done!, Elevator call,251.1044469,-1,-2,3,1, Done, dt, 169.8955531
421.0, elevID,1,  pos,-2,  cmd, goto,0
427.0,Elevator call,426.8615805,2,0,1,0, got allocated to elevator, 0
427.0, elevID,0,  pos,10,  cmd, goto,2
432.0,Elev,1,  arrived at dest, 0, this call is done!, Elevator call,257.7974435,-1,0,3,1, Done, dt, 174.20255650000001
432.0,Elev,1,  arrived at dest, 0, this call is done!, Elevator call,336.9304305,-1,0,3,1, Done, dt, 95.0695695
432.0, elevID,1,  pos,0,  cmd, goto,1
438.0,Elevator call,437.1711158,1,0,1,0, got allocated to elevator, 0
443.0,Elev,1,  arrived at dest, 1, this call is done!, Elevator call,295.7943357,0,1,3,1, Done, dt, 147.20566430000002
443.0, elevID,1,  pos,1,  cmd, goto,5
445.0,Elev,0,  arrived at src, 2, Elevator call,426.8615805,2,0,2,0
445.0, elevID,0,  pos,2,  cmd, goto,1
455.0,Elev,1,  arrived at dest, 5, this call is done!, Elevator call,392.5160765,0,5,3,1, Done, dt, 62.4839235
455.0, elevID,1,  pos,5,  cmd, goto,10
456.0,Elev,0,  arrived at src, 1, Elevator call,437.1711158,1,0,2,0
456.0, elevID,0,  pos,1,  cmd, goto,0
467.0,Elev,0,  arrived at dest, 0, this call is done!, Elevator call,426.8615805,2,0,3,0, Done, dt, 40.1384195
467.0,Elev,0,  arrived at dest, 0, this call is done!, Elevator call,437.1711158,1,0,3,0, Done, dt, 29.828884200000005
468.0,Elev,1,  arrived at dest, 10, this call is done!, Elevator call,405.1821141,-1,10,3,1, Done, dt, 62.81788590000002
473.0,Elevator call,472.7445474,10,-1,1,1, got allocated to elevator, 1
473.0,Elev,1,  arrived at src, 10, Elevator call,472.7445474,10,-1,2,1
473.0, elevID,1,  pos,10,  cmd, goto,-1
489.0,Elev,1,  arrived at dest, -1, this call is done!, Elevator call,472.7445474,10,-1,3,1, Done, dt, 16.255452600000012
501.0,Elevator call,500.3712045,8,-1,1,0, got allocated to elevator, 0
501.0, elevID,0,  pos,0,  cmd, goto,8
504.0,Elevator call,503.1384784,1,-1,1,0, got allocated to elevator, 0
504.0, elevID,0,  pos,0,  cmd, stop,1
505.0,Elevator call,504.4317942,0,-1,1,0, got allocated to elevator, 0
505.0, elevID,0,  pos,0,  cmd, stop,0
511.0,Elev,0,  arrived at src, 0, Elevator call,504.4317942,0,-1,2,0
511.0, elevID,0,  pos,0,  cmd, goto,1
522.0,Elev,0,  arrived at src, 1, Elevator call,503.1384784,1,-1,2,0
522.0, elevID,0,  pos,1,  cmd, goto,8
530.0,Elevator call,529.6277472,3,-1,1,0, got allocated to elevator, 0
538.0,Elevator call,537.7866884,-1,6,1,0, got allocated to elevator, 0
539.0,Elev,0,  arrived at src, 8, Elevator call,500.3712045,8,-1,2,0
539.0, elevID,0,  pos,8,  cmd, goto,3
545.0,Elevator call,544.7880392,6,-1,1,0, got allocated to elevator, 0
, elevID,0,  pos,7,  cmd, stop,6
551.0,Elev,0,  arrived at src, 6, Elevator call,544.7880392,6,-1,2,0
551.0, elevID,0,  pos,6,  cmd, goto,3
555.0,Elevator call,554.0892923,4,0,1,0, got allocated to elevator, 0
, elevID,0,  pos,6,  cmd, stop,4
558.0,Elevator call,557.244139,10,0,1,0, got allocated to elevator, 0
563.0,Elev,0,  arrived at src, 4, Elevator call,554.0892923,4,0,2,0
563.0, elevID,0,  pos,4,  cmd, goto,3
566.0,Elevator call,565.0195522,0,-1,1,0, got allocated to elevator, 0
574.0,Elev,0,  arrived at src, 3, Elevator call,529.6277472,3,-1,2,0
574.0, elevID,0,  pos,3,  cmd, goto,0
582.0,Elevator call,581.870309,0,3,1,0, got allocated to elevator, 0
587.0,Elev,0,  arrived at dest, 0, this call is done!, Elevator call,554.0892923,4,0,3,0, Done, dt, 32.91070769999999
587.0,Elev,0,  arrived at src, 0, Elevator call,565.0195522,0,-1,2,0
587.0,Elev,0,  arrived at src, 0, Elevator call,581.870309,0,3,2,0
587.0, elevID,0,  pos,0,  cmd, goto,-1
597.0,Elevator call,596.1232023,8,0,1,0, got allocated to elevator, 0
598.0,Elev,0,  arrived at dest, -1, this call is done!, Elevator call,500.3712045,8,-1,3,0, Done, dt, 97.62879550000002
598.0,Elev,0,  arrived at dest, -1, this call is done!, Elevator call,503.1384784,1,-1,3,0, Done, dt, 94.8615216
598.0,Elev,0,  arrived at dest, -1, this call is done!, Elevator call,504.4317942,0,-1,3,0, Done, dt, 93.56820579999999
598.0,Elev,0,  arrived at dest, -1, this call is done!, Elevator call,529.6277472,3,-1,3,0, Done, dt, 68.37225279999996
598.0,Elev,0,  arrived at src, -1, Elevator call,537.7866884,-1,6,2,0
598.0,Elev,0,  arrived at dest, -1, this call is done!, Elevator call,544.7880392,6,-1,3,0, Done, dt, 53.21196080000004
598.0,Elev,0,  arrived at dest, -1, this call is done!, Elevator call,565.0195522,0,-1,3,0, Done, dt, 32.98044779999998
598.0, elevID,0,  pos,-1,  cmd, goto,3
601.0,Elevator call,600.931288,1,0,1,0, got allocated to elevator, 0
601.0, elevID,0,  pos,-1,  cmd, stop,1
604.0,Elevator call,603.9342327,7,0,1,0, got allocated to elevator, 0
610.0,Elev,0,  arrived at src, 1, Elevator call,600.931288,1,0,2,0
610.0, elevID,0,  pos,1,  cmd, goto,3
618.0,Elevator call,617.9628339,0,3,1,0, got allocated to elevator, 0
620.0,Elevator call,619.6454197,9,0,1,0, got allocated to elevator, 0
622.0,Elev,0,  arrived at dest, 3, this call is done!, Elevator call,581.870309,0,3,3,0, Done, dt, 40.12969099999998
622.0, elevID,0,  pos,3,  cmd, goto,6
627.0,Elevator call,626.2116172,0,1,1,0, got allocated to elevator, 0
635.0,Elev,0,  arrived at dest, 6, this call is done!, Elevator call,537.7866884,-1,6,3,0, Done, dt, 97.2133116
635.0, elevID,0,  pos,6,  cmd, goto,7
644.0,Elevator call,643.8547515,-1,2,1,1, got allocated to elevator, 1
644.0,Elev,1,  arrived at src, -1, Elevator call,643.8547515,-1,2,2,1
644.0, elevID,1,  pos,-1,  cmd, goto,2
646.0,Elev,0,  arrived at src, 7, Elevator call,603.9342327,7,0,2,0
646.0, elevID,0,  pos,7,  cmd, goto,8
656.0,Elev,1,  arrived at dest, 2, this call is done!, Elevator call,643.8547515,-1,2,3,1, Done, dt, 12.14524849999998
657.0,Elev,0,  arrived at src, 8, Elevator call,596.1232023,8,0,2,0
657.0, elevID,0,  pos,8,  cmd, goto,9
661.0,Elevator call,660.0732908,6,10,1,1, got allocated to elevator, 1
661.0, elevID,1,  pos,2,  cmd, goto,6
662.0,Elevator call,661.042082,-1,3,1,0, got allocated to elevator, 0
663.0,Elevator call,662.1730528,-1,5,1,0, got allocated to elevator, 0
666.0,Elevator call,665.1155549,-1,8,1,0, got allocated to elevator, 0
667.0,Elevator call,666.0340295,4,0,1,0, got allocated to elevator, 0
667.0,Elevator call,666.2411587,5,-1,1,0, got allocated to elevator, 0
668.0,Elev,0,  arrived at src, 9, Elevator call,619.6454197,9,0,2,0
668.0, elevID,0,  pos,9,  cmd, goto,10
673.0,Elevator call,672.6773142,0,-1,1,0, got allocated to elevator, 0
673.0,Elev,1,  arrived at src, 6, Elevator call,660.0732908,6,10,2,1
673.0, elevID,1,  pos,6,  cmd, goto,10
678.0,Elevator call,677.7341948,0,-1,1,0, got allocated to elevator, 0
679.0,Elevator call,678.9953585,-1,-2,1,0, got allocated to elevator, 0
679.0,Elev,0,  arrived at src, 10, Elevator call,557.244139,10,0,2,0
679.0, elevID,0,  pos,10,  cmd, goto,5
685.0,Elev,1,  arrived at dest, 10, this call is done!, Elevator call,660.0732908,6,10,3,1, Done, dt, 24.926709200000005
694.0,Elev,0,  arrived at src, 5, Elevator call,666.2411587,5,-1,2,0
694.0, elevID,0,  pos,5,  cmd, goto,4
696.0,Elevator call,695.2239882,0,10,1,0, got allocated to elevator, 0
705.0,Elev,0,  arrived at src, 4, Elevator call,666.0340295,4,0,2,0
705.0, elevID,0,  pos,4,  cmd, goto,0
707.0,Elevator call,706.1583475,-1,-2,1,0, got allocated to elevator, 0
711.0,Elevator call,710.324977,0,1,1,0, got allocated to elevator, 0
714.0,Elevator call,713.0191971,1,0,1,0, got allocated to elevator, 0
714.0,Elevator call,713.2499766,10,-1,1,1, got allocated to elevator, 1
714.0,Elev,1,  arrived at src, 10, Elevator call,713.2499766,10,-1,2,1
714.0, elevID,1,  pos,10,  cmd, goto,-1
719.0,Elev,0,  arrived at dest, 0, this call is done!, Elevator call,557.244139,10,0,3,0, Done, dt, 161.75586099999998
719.0,Elev,0,  arrived at dest, 0, this call is done!, Elevator call,596.1232023,8,0,3,0, Done, dt, 122.8767977
719.0,Elev,0,  arrived at dest, 0, this call is done!, Elevator call,600.931288,1,0,3,0, Done, dt, 118.068712
719.0,Elev,0,  arrived at dest, 0, this call is done!, Elevator call,603.9342327,7,0,3,0, Done, dt, 115.06576729999995
719.0,Elev,0,  arrived at src, 0, Elevator call,617.9628339,0,3,2,0
719.0,Elev,0,  arrived at dest, 0, this call is done!, Elevator call,619.6454197,9,0,3,0, Done, dt, 99.35458029999995
719.0,Elev,0,  arrived at src, 0, Elevator call,626.2116172,0,1,2,0
719.0,Elev,0,  arrived at dest, 0, this call is done!, Elevator call,666.0340295,4,0,3,0, Done, dt, 52.965970500000026
719.0,Elev,0,  arrived at src, 0, Elevator call,672.6773142,0,-1,2,0
719.0,Elev,0,  arrived at src, 0, Elevator call,677.7341948,0,-1,2,0
719.0,Elev,0,  arrived at src, 0, Elevator call,695.2239882,0,10,2,0
719.0,Elev,0,  arrived at src, 0, Elevator call,710.324977,0,1,2,0
719.0, elevID,0,  pos,0,  cmd, goto,-1
723.0,Elevator call,722.6161213,10,0,1,0, got allocated to elevator, 0
728.0,Elevator call,727.5146029,-1,0,1,1, got allocated to elevator, 1
730.0,Elev,0,  arrived at src, -1, Elevator call,661.042082,-1,3,2,0
730.0,Elev,0,  arrived at src, -1, Elevator call,662.1730528,-1,5,2,0
730.0,Elev,0,  arrived at src, -1, Elevator call,665.1155549,-1,8,2,0
730.0,Elev,0,  arrived at dest, -1, this call is done!, Elevator call,666.2411587,5,-1,3,0, Done, dt, 63.75884129999997
730.0,Elev,0,  arrived at dest, -1, this call is done!, Elevator call,672.6773142,0,-1,3,0, Done, dt, 57.322685800000045
730.0,Elev,0,  arrived at dest, -1, this call is done!, Elevator call,677.7341948,0,-1,3,0, Done, dt, 52.265805200000045
730.0,Elev,0,  arrived at src, -1, Elevator call,678.9953585,-1,-2,2,0
730.0,Elev,0,  arrived at src, -1, Elevator call,706.1583475,-1,-2,2,0
730.0, elevID,0,  pos,-1,  cmd, goto,-2
730.0,Elev,1,  arrived at dest, -1, this call is done!, Elevator call,713.2499766,10,-1,3,1, Done, dt, 16.750023400000032
730.0,Elev,1,  arrived at src, -1, Elevator call,727.5146029,-1,0,2,1
730.0, elevID,1,  pos,-1,  cmd, goto,0
733.0,Elevator call,732.9746341,6,-1,1,0, got allocated to elevator, 0
738.0,Elevator call,737.3147202,1,0,1,1, got allocated to elevator, 1
741.0,Elev,0,  arrived at dest, -2, this call is done!, Elevator call,678.9953585,-1,-2,3,0, Done, dt, 62.00464150000005
741.0,Elev,0,  arrived at dest, -2, this call is done!, Elevator call,706.1583475,-1,-2,3,0, Done, dt, 34.84165250000001
741.0, elevID,0,  pos,-2,  cmd, goto,1
741.0,Elev,1,  arrived at dest, 0, this call is done!, Elevator call,727.5146029,-1,0,3,1, Done, dt, 13.4853971
741.0, elevID,1,  pos,0,  cmd, goto,1
752.0,Elev,1,  arrived at src, 1, Elevator call,737.3147202,1,0,2,1
752.0, elevID,1,  pos,1,  cmd, goto,0
754.0,Elev,0,  arrived at dest, 1, this call is done!, Elevator call,626.2116172,0,1,3,0, Done, dt, 127.78838280000002
754.0,Elev,0,  arrived at dest, 1, this call is done!, Elevator call,710.324977,0,1,3,0, Done, dt, 43.67502300000001
754.0,Elev,0,  arrived at src, 1, Elevator call,713.0191971,1,0,2,0
754.0, elevID,0,  pos,1,  cmd, goto,3
763.0,Elev,1,  arrived at dest, 0, this call is done!, Elevator call,737.3147202,1,0,3,1, Done, dt, 25.68527979999999
766.0,Elev,0,  arrived at dest, 3, this call is done!, Elevator call,617.9628339,0,3,3,0, Done, dt, 148.03716610000004
766.0,Elev,0,  arrived at dest, 3, this call is done!, Elevator call,661.042082,-1,3,3,0, Done, dt, 104.95791799999995
766.0, elevID,0,  pos,3,  cmd, goto,5
778.0,Elev,0,  arrived at dest, 5, this call is done!, Elevator call,662.1730528,-1,5,3,0, Done, dt, 115.82694719999995
778.0, elevID,0,  pos,5,  cmd, goto,6
780.0,Elevator call,779.3996914,-1,5,1,0, got allocated to elevator, 0
789.0,Elev,0,  arrived at src, 6, Elevator call,732.9746341,6,-1,2,0
789.0, elevID,0,  pos,6,  cmd, goto,8
801.0,Elev,0,  arrived at dest, 8, this call is done!, Elevator call,665.1155549,-1,8,3,0, Done, dt, 135.8844451
801.0, elevID,0,  pos,8,  cmd, goto,10
806.0,Elevator call,805.6754743,-1,-2,1,1, got allocated to elevator, 1
806.0, elevID,1,  pos,0,  cmd, goto,-1
811.0,Elevator call,810.4469089,2,0,1,0, got allocated to elevator, 0
813.0,Elev,0,  arrived at dest, 10, this call is done!, Elevator call,695.2239882,0,10,3,0, Done, dt, 117.77601179999999
813.0,Elev,0,  arrived at src, 10, Elevator call,722.6161213,10,0,2,0
813.0, elevID,0,  pos,10,  cmd, goto,2
817.0,Elevator call,816.1516998,7,-1,1,0, got allocated to elevator, 0
, elevID,0,  pos,10,  cmd, stop,7
817.0,Elev,1,  arrived at src, -1, Elevator call,805.6754743,-1,-2,2,1
817.0, elevID,1,  pos,-1,  cmd, goto,-2
826.0,Elevator call,825.4575185,7,0,1,0, got allocated to elevator, 0
826.0,Elev,0,  arrived at src, 7, Elevator call,816.1516998,7,-1,2,0
826.0,Elev,0,  arrived at src, 7, Elevator call,825.4575185,7,0,2,0
826.0, elevID,0,  pos,7,  cmd, goto,2
828.0,Elev,1,  arrived at dest, -2, this call is done!, Elevator call,805.6754743,-1,-2,3,1, Done, dt, 22.32452569999998
840.0,Elevator call,839.8525653,0,1,1,0, got allocated to elevator, 0
841.0,Elev,0,  arrived at src, 2, Elevator call,810.4469089,2,0,2,0
841.0, elevID,0,  pos,2,  cmd, goto,0
853.0,Elev,0,  arrived at dest, 0, this call is done!, Elevator call,713.0191971,1,0,3,0, Done, dt, 139.98080289999996
853.0,Elev,0,  arrived at dest, 0, this call is done!, Elevator call,722.6161213,10,0,3,0, Done, dt, 130.38387869999997
853.0,Elev,0,  arrived at dest, 0, this call is done!, Elevator call,810.4469089,2,0,3,0, Done, dt, 42.55309109999996
853.0,Elev,0,  arrived at dest, 0, this call is done!, Elevator call,825.4575185,7,0,3,0, Done, dt, 27.542481500000008
853.0,Elev,0,  arrived at src, 0, Elevator call,839.8525653,0,1,2,0
853.0, elevID,0,  pos,0,  cmd, goto,-1
855.0,Elevator call,854.2002278,6,-1,1,0, got allocated to elevator, 0
864.0,Elevator call,863.8932913,0,-1,1,0, got allocated to elevator, 0
864.0,Elev,0,  arrived at dest, -1, this call is done!, Elevator call,732.9746341,6,-1,3,0, Done, dt, 131.0253659
864.0,Elev,0,  arrived at src, -1, Elevator call,779.3996914,-1,5,2,0
864.0,Elev,0,  arrived at dest, -1, this call is done!, Elevator call,816.1516998,7,-1,3,0, Done, dt, 47.84830020000004
864.0, elevID,0,  pos,-1,  cmd, goto,0
871.0,Elevator call,870.5053024,0,7,1,0, got allocated to elevator, 0
875.0,Elev,0,  arrived at src, 0, Elevator call,863.8932913,0,-1,2,0
875.0,Elev,0,  arrived at src, 0, Elevator call,870.5053024,0,7,2,0
875.0, elevID,0,  pos,0,  cmd, goto,1
886.0,Elev,0,  arrived at dest, 1, this call is done!, Elevator call,839.8525653,0,1,3,0, Done, dt, 46.14743469999996
886.0, elevID,0,  pos,1,  cmd, goto,5
887.0,Elevator call,886.5649993,-1,-2,1,1, got allocated to elevator, 1
887.0, elevID,1,  pos,-2,  cmd, goto,-1
893.0,Elevator call,892.5212151,9,-1,1,0, got allocated to elevator, 0
898.0,Elev,1,  arrived at src, -1, Elevator call,886.5649993,-1,-2,2,1
898.0, elevID,1,  pos,-1,  cmd, goto,-2
900.0,Elev,0,  arrived at dest, 5, this call is done!, Elevator call,779.3996914,-1,5,3,0, Done, dt, 120.60030859999995
900.0, elevID,0,  pos,5,  cmd, goto,6
909.0,Elev,1,  arrived at dest, -2, this call is done!, Elevator call,886.5649993,-1,-2,3,1, Done, dt, 22.435000700000046
911.0,Elevator call,910.5388559,6,5,1,0, got allocated to elevator, 0
911.0,Elev,0,  arrived at src, 6, Elevator call,854.2002278,6,-1,2,0
911.0,Elev,0,  arrived at src, 6, Elevator call,910.5388559,6,5,2,0
911.0, elevID,0,  pos,6,  cmd, goto,7
916.0,Elevator call,915.9490575,4,-1,1,0, got allocated to elevator, 0
922.0,Elev,0,  arrived at dest, 7, this call is done!, Elevator call,870.5053024,0,7,3,0, Done, dt, 51.494697599999995
922.0, elevID,0,  pos,7,  cmd, goto,9
934.0,Elevator call,933.8580452,7,5,1,0, got allocated to elevator, 0
934.0,Elev,0,  arrived at src, 9, Elevator call,892.5212151,9,-1,2,0
934.0, elevID,0,  pos,9,  cmd, goto,7
946.0,Elev,0,  arrived at src, 7, Elevator call,933.8580452,7,5,2,0
946.0, elevID,0,  pos,7,  cmd, goto,5
958.0,Elev,0,  arrived at dest, 5, this call is done!, Elevator call,910.5388559,6,5,3,0, Done, dt, 47.461144099999956
958.0,Elev,0,  arrived at dest, 5, this call is done!, Elevator call,933.8580452,7,5,3,0, Done, dt, 24.141954800000008
958.0, elevID,0,  pos,5,  cmd, goto,4
962.0,Elevator call,961.6862856,6,-1,1,0, got allocated to elevator, 0
969.0,Elev,0,  arrived at src, 4, Elevator call,915.9490575,4,-1,2,0
969.0, elevID,0,  pos,4,  cmd, goto,-1
973.0,Elevator call,972.8032126,1,0,1,0, got allocated to elevator, 0
, elevID,0,  pos,4,  cmd, stop,1
976.0,Elevator call,975.8361203,0,-1,1,0, got allocated to elevator, 0
979.0,Elevator call,978.5925149,10,0,1,0, got allocated to elevator, 0
979.0,Elevator call,978.6210501,10,-1,1,0, got allocated to elevator, 0
982.0,Elev,0,  arrived at src, 1, Elevator call,972.8032126,1,0,2,0
982.0, elevID,0,  pos,1,  cmd, goto,0
985.0,Elevator call,984.1840186,7,0,1,0, got allocated to elevator, 0
993.0,Elev,0,  arrived at dest, 0, this call is done!, Elevator call,972.8032126,1,0,3,0, Done, dt, 20.19678739999995
993.0,Elev,0,  arrived at src, 0, Elevator call,975.8361203,0,-1,2,0
993.0, elevID,0,  pos,0,  cmd, goto,-1
1004.0,Elev,0,  arrived at dest, -1, this call is done!, Elevator call,854.2002278,6,-1,3,0, Done, dt, 149.7997722
1004.0,Elev,0,  arrived at dest, -1, this call is done!, Elevator call,863.8932913,0,-1,3,0, Done, dt, 140.1067087
1004.0,Elev,0,  arrived at dest, -1, this call is done!, Elevator call,892.5212151,9,-1,3,0, Done, dt, 111.47878490000005
1004.0,Elev,0,  arrived at dest, -1, this call is done!, Elevator call,915.9490575,4,-1,3,0, Done, dt, 88.05094250000002
1004.0,Elev,0,  arrived at dest, -1, this call is done!, Elevator call,975.8361203,0,-1,3,0, Done, dt, 28.163879700000052
1004.0, elevID,0,  pos,-1,  cmd, goto,6
1021.0,Elev,0,  arrived at src, 6, Elevator call,961.6862856,6,-1,2,0
1021.0, elevID,0,  pos,6,  cmd, goto,7
1032.0,Elev,0,  arrived at src, 7, Elevator call,984.1840186,7,0,2,0
1032.0, elevID,0,  pos,7,  cmd, goto,10
1045.0,Elev,0,  arrived at src, 10, Elevator call,978.5925149,10,0,2,0
1045.0,Elev,0,  arrived at src, 10, Elevator call,978.6210501,10,-1,2,0
1045.0, elevID,0,  pos,10,  cmd, goto,0
1065.0,Elev,0,  arrived at dest, 0, this call is done!, Elevator call,978.5925149,10,0,3,0, Done, dt, 86.40748510000003
1065.0,Elev,0,  arrived at dest, 0, this call is done!, Elevator call,984.1840186,7,0,3,0, Done, dt, 80.81598140000006
1065.0, elevID,0,  pos,0,  cmd, goto,-1
1076.0,Elev,0,  arrived at dest, -1, this call is done!, Elevator call,961.6862856,6,-1,3,0, Done, dt, 114.31371439999998
1076.0,Elev,0,  arrived at dest, -1, this call is done!, Elevator call,978.6210501,10,-1,3,0, Done, dt, 97.37894989999995
1077.0,************* Simulation Ended ************
Code Owners,212553788,325107290,3333,  Building_file,B2.json,  Calls,B2_call_a.csv
Total waiting time: 6989.0,  average waiting time per call: 69.89,  unCompleted calls,0,  certificate, -162880049
