Ex1 (OOP) Simulator log: stage B3.json,  B3_call_a.csv
0.0,OOP_Ex1_Elevator_Simulator
0.0,Simulated Building, Building [-10,100]
0) ex1.Elevator_A, Elev_, id,0,  speed, 3.0, open: 2.0,  start: 3.0, close: 2.0,  stop: 3.0
1) ex1.Elevator_A, Elev_, id,1,  speed, 7.0, open: 1.4285714285714286,  start: 2.142857142857143, close: 1.4285714285714286,  stop: 2.142857142857143

0.0,Simulated Period starTime,0.0,  endTime,1104.1840186,  dt,1.0
0.0,Simulated  calls,Elevator log, size: 100
0.0,**** Simulation starts!! ****
5.0,Elevator call,4.37472729,0,-1,1,0, got allocated to elevator, 0
5.0,Elev,0,  arrived at src, 0, Elevator call,4.37472729,0,-1,2,0
5.0, elevID,0,  pos,0,  cmd, goto,-1
16.0,Elev,0,  arrived at dest, -1, this call is done!, Elevator call,4.37472729,0,-1,3,0, Done, dt, 11.62527271
17.0,Elevator call,16.95788289,-1,0,1,0, got allocated to elevator, 0
17.0,Elev,0,  arrived at src, -1, Elevator call,16.95788289,-1,0,2,0
17.0, elevID,0,  pos,-1,  cmd, goto,0
23.0,Elevator call,22.0940563,0,-1,1,0, got allocated to elevator, 0
28.0,Elev,0,  arrived at dest, 0, this call is done!, Elevator call,16.95788289,-1,0,3,0, Done, dt, 11.04211711
28.0,Elev,0,  arrived at src, 0, Elevator call,22.0940563,0,-1,2,0
28.0, elevID,0,  pos,0,  cmd, goto,-1
39.0,Elev,0,  arrived at dest, -1, this call is done!, Elevator call,22.0940563,0,-1,3,0, Done, dt, 16.9059437
86.0,Elevator call,85.52096662,3,2,1,1, got allocated to elevator, 1
86.0, elevID,1,  pos,0,  cmd, goto,3
92.0,Elevator call,91.21019413,-1,-2,1,0, got allocated to elevator, 0
92.0,Elev,0,  arrived at src, -1, Elevator call,91.21019413,-1,-2,2,0
92.0, elevID,0,  pos,-1,  cmd, goto,-2
94.0,Elev,1,  arrived at src, 3, Elevator call,85.52096662,3,2,2,1
94.0, elevID,1,  pos,3,  cmd, goto,2
102.0,Elev,1,  arrived at dest, 2, this call is done!, Elevator call,85.52096662,3,2,3,1, Done, dt, 16.479033380000004
103.0,Elev,0,  arrived at dest, -2, this call is done!, Elevator call,91.21019413,-1,-2,3,0, Done, dt, 11.789805869999995
105.0,Elevator call,104.1370124,0,4,1,0, got allocated to elevator, 0
105.0, elevID,0,  pos,-2,  cmd, goto,0
110.0,Elevator call,109.2135291,-1,0,1,1, got allocated to elevator, 1
110.0, elevID,1,  pos,2,  cmd, goto,-1
115.0,Elevator call,114.392351,3,0,1,0, got allocated to elevator, 0
116.0,Elev,0,  arrived at src, 0, Elevator call,104.1370124,0,4,2,0
116.0, elevID,0,  pos,0,  cmd, goto,3
118.0,Elev,1,  arrived at src, -1, Elevator call,109.2135291,-1,0,2,1
118.0, elevID,1,  pos,-1,  cmd, goto,0
125.0,Elevator call,124.425571,0,9,1,0, got allocated to elevator, 0
126.0,Elev,1,  arrived at dest, 0, this call is done!, Elevator call,109.2135291,-1,0,3,1, Done, dt, 16.786470899999998
127.0,Elev,0,  arrived at src, 3, Elevator call,114.392351,3,0,2,0
127.0, elevID,0,  pos,3,  cmd, goto,4
131.0,Elevator call,130.0249568,8,10,1,0, got allocated to elevator, 0
131.0,Elevator call,130.2249113,-1,1,1,1, got allocated to elevator, 1
131.0, elevID,1,  pos,0,  cmd, goto,-1
138.0,Elevator call,137.9515274,0,4,1,1, got allocated to elevator, 1
138.0,Elev,0,  arrived at dest, 4, this call is done!, Elevator call,104.1370124,0,4,3,0, Done, dt, 33.8629876
138.0, elevID,0,  pos,4,  cmd, goto,8
139.0,Elev,1,  arrived at src, -1, Elevator call,130.2249113,-1,1,2,1
139.0, elevID,1,  pos,-1,  cmd, goto,0
144.0,Elevator call,143.9133584,0,6,1,1, got allocated to elevator, 1
147.0,Elev,1,  arrived at src, 0, Elevator call,137.9515274,0,4,2,1
147.0,Elev,1,  arrived at src, 0, Elevator call,143.9133584,0,6,2,1
147.0, elevID,1,  pos,0,  cmd, goto,1
150.0,Elev,0,  arrived at src, 8, Elevator call,130.0249568,8,10,2,0
150.0, elevID,0,  pos,8,  cmd, goto,10
155.0,Elev,1,  arrived at dest, 1, this call is done!, Elevator call,130.2249113,-1,1,3,1, Done, dt, 24.775088699999998
155.0, elevID,1,  pos,1,  cmd, goto,4
161.0,Elev,0,  arrived at dest, 10, this call is done!, Elevator call,130.0249568,8,10,3,0, Done, dt, 30.975043199999988
161.0, elevID,0,  pos,10,  cmd, goto,0
163.0,Elev,1,  arrived at dest, 4, this call is done!, Elevator call,137.9515274,0,4,3,1, Done, dt, 25.048472599999997
163.0, elevID,1,  pos,4,  cmd, goto,6
170.0,Elevator call,169.7845834,-1,0,1,1, got allocated to elevator, 1
171.0,Elevator call,170.0099621,0,6,1,1, got allocated to elevator, 1
171.0,Elev,1,  arrived at dest, 6, this call is done!, Elevator call,143.9133584,0,6,3,1, Done, dt, 27.086641600000007
171.0, elevID,1,  pos,6,  cmd, goto,0
172.0,Elevator call,171.2117332,-1,8,1,1, got allocated to elevator, 1
175.0,Elevator call,174.8438515,0,-1,1,1, got allocated to elevator, 1
175.0,Elev,0,  arrived at dest, 0, this call is done!, Elevator call,114.392351,3,0,3,0, Done, dt, 60.607648999999995
175.0,Elev,0,  arrived at src, 0, Elevator call,124.425571,0,9,2,0
175.0, elevID,0,  pos,0,  cmd, goto,9
179.0,Elev,1,  arrived at src, 0, Elevator call,170.0099621,0,6,2,1
179.0,Elev,1,  arrived at src, 0, Elevator call,174.8438515,0,-1,2,1
179.0, elevID,1,  pos,0,  cmd, goto,-1
187.0,Elev,1,  arrived at src, -1, Elevator call,169.7845834,-1,0,2,1
187.0,Elev,1,  arrived at src, -1, Elevator call,171.2117332,-1,8,2,1
187.0,Elev,1,  arrived at dest, -1, this call is done!, Elevator call,174.8438515,0,-1,3,1, Done, dt, 12.1561485
187.0, elevID,1,  pos,-1,  cmd, goto,0
188.0,Elevator call,187.1167862,-1,-2,1,1, got allocated to elevator, 1
188.0,Elevator call,187.7299318,-1,-2,1,1, got allocated to elevator, 1
188.0,Elev,0,  arrived at dest, 9, this call is done!, Elevator call,124.425571,0,9,3,0, Done, dt, 63.574428999999995
188.0, elevID,1,  pos,-1,  cmd, stop,-1
195.0,Elev,1,  arrived at src, -1, Elevator call,187.1167862,-1,-2,2,1
195.0,Elev,1,  arrived at src, -1, Elevator call,187.7299318,-1,-2,2,1
195.0, elevID,1,  pos,-1,  cmd, goto,0
196.0,Elevator call,195.9086965,0,7,1,1, got allocated to elevator, 1
198.0,Elevator call,197.5359191,-1,1,1,1, got allocated to elevator, 1
198.0, elevID,1,  pos,-1,  cmd, stop,-1
203.0,Elev,1,  arrived at src, -1, Elevator call,197.5359191,-1,1,2,1
203.0, elevID,1,  pos,-1,  cmd, goto,0
206.0,Elevator call,205.9895199,-1,0,1,1, got allocated to elevator, 1
206.0, elevID,1,  pos,-1,  cmd, stop,-1
211.0,Elev,1,  arrived at src, -1, Elevator call,205.9895199,-1,0,2,1
211.0, elevID,1,  pos,-1,  cmd, goto,0
219.0,Elev,1,  arrived at dest, 0, this call is done!, Elevator call,169.7845834,-1,0,3,1, Done, dt, 49.2154166
219.0,Elev,1,  arrived at src, 0, Elevator call,195.9086965,0,7,2,1
219.0,Elev,1,  arrived at dest, 0, this call is done!, Elevator call,205.9895199,-1,0,3,1, Done, dt, 13.010480099999995
219.0, elevID,1,  pos,0,  cmd, goto,1
227.0,Elev,1,  arrived at dest, 1, this call is done!, Elevator call,197.5359191,-1,1,3,1, Done, dt, 29.4640809
227.0, elevID,1,  pos,1,  cmd, goto,6
228.0,Elevator call,227.0798305,-1,5,1,1, got allocated to elevator, 1
232.0,Elevator call,231.5157882,-1,0,1,1, got allocated to elevator, 1
233.0,Elevator call,232.9504362,0,-1,1,1, got allocated to elevator, 1
235.0,Elev,1,  arrived at dest, 6, this call is done!, Elevator call,170.0099621,0,6,3,1, Done, dt, 64.9900379
235.0, elevID,1,  pos,6,  cmd, goto,7
243.0,Elev,1,  arrived at dest, 7, this call is done!, Elevator call,195.9086965,0,7,3,1, Done, dt, 47.09130350000001
243.0, elevID,1,  pos,7,  cmd, goto,8
251.0,Elev,1,  arrived at dest, 8, this call is done!, Elevator call,171.2117332,-1,8,3,1, Done, dt, 79.7882668
251.0, elevID,1,  pos,8,  cmd, goto,0
252.0,Elevator call,251.1044469,-1,-2,1,1, got allocated to elevator, 1
252.0,Elevator call,251.2359335,0,9,1,1, got allocated to elevator, 1
255.0,Elevator call,254.6977153,3,4,1,1, got allocated to elevator, 1
, elevID,1,  pos,5,  cmd, stop,3
258.0,Elevator call,257.7974435,-1,0,1,1, got allocated to elevator, 1
259.0,Elev,1,  arrived at src, 3, Elevator call,254.6977153,3,4,2,1
259.0, elevID,1,  pos,3,  cmd, goto,0
267.0,Elev,1,  arrived at src, 0, Elevator call,232.9504362,0,-1,2,1
267.0,Elev,1,  arrived at src, 0, Elevator call,251.2359335,0,9,2,1
267.0, elevID,1,  pos,0,  cmd, goto,-1
275.0,Elev,1,  arrived at src, -1, Elevator call,227.0798305,-1,5,2,1
275.0,Elev,1,  arrived at src, -1, Elevator call,231.5157882,-1,0,2,1
275.0,Elev,1,  arrived at dest, -1, this call is done!, Elevator call,232.9504362,0,-1,3,1, Done, dt, 42.04956379999999
275.0,Elev,1,  arrived at src, -1, Elevator call,251.1044469,-1,-2,2,1
275.0,Elev,1,  arrived at src, -1, Elevator call,257.7974435,-1,0,2,1
275.0, elevID,1,  pos,-1,  cmd, goto,-2
283.0,Elev,1,  arrived at dest, -2, this call is done!, Elevator call,187.1167862,-1,-2,3,1, Done, dt, 95.8832138
283.0,Elev,1,  arrived at dest, -2, this call is done!, Elevator call,187.7299318,-1,-2,3,1, Done, dt, 95.2700682
283.0,Elev,1,  arrived at dest, -2, this call is done!, Elevator call,251.1044469,-1,-2,3,1, Done, dt, 31.8955531
283.0, elevID,1,  pos,-2,  cmd, goto,0
291.0,Elev,1,  arrived at dest, 0, this call is done!, Elevator call,231.5157882,-1,0,3,1, Done, dt, 59.4842118
291.0,Elev,1,  arrived at dest, 0, this call is done!, Elevator call,257.7974435,-1,0,3,1, Done, dt, 33.202556500000014
291.0, elevID,1,  pos,0,  cmd, goto,4
296.0,Elevator call,295.7943357,0,1,1,1, got allocated to elevator, 1
299.0,Elev,1,  arrived at dest, 4, this call is done!, Elevator call,254.6977153,3,4,3,1, Done, dt, 44.3022847
299.0, elevID,1,  pos,4,  cmd, goto,5
305.0,Elevator call,304.9984388,6,0,1,0, got allocated to elevator, 0
305.0, elevID,0,  pos,9,  cmd, goto,6
307.0,Elev,1,  arrived at dest, 5, this call is done!, Elevator call,227.0798305,-1,5,3,1, Done, dt, 79.92016949999999
307.0, elevID,1,  pos,5,  cmd, goto,9
310.0,Elevator call,309.3005383,0,-1,1,0, got allocated to elevator, 0
313.0,Elevator call,312.3018556,0,-1,1,0, got allocated to elevator, 0
315.0,Elev,1,  arrived at dest, 9, this call is done!, Elevator call,251.2359335,0,9,3,1, Done, dt, 63.76406650000001
315.0, elevID,1,  pos,9,  cmd, goto,0
316.0,Elev,0,  arrived at src, 6, Elevator call,304.9984388,6,0,2,0
316.0, elevID,0,  pos,6,  cmd, goto,0
317.0,Elevator call,316.0323783,0,-1,1,0, got allocated to elevator, 0
320.0,Elevator call,319.905202,6,5,1,1, got allocated to elevator, 1
321.0,Elevator call,320.9760749,-1,0,1,0, got allocated to elevator, 0
322.0,Elevator call,321.370409,7,-1,1,1, got allocated to elevator, 1
324.0,Elev,1,  arrived at src, 0, Elevator call,295.7943357,0,1,2,1
324.0, elevID,1,  pos,0,  cmd, goto,1
328.0,Elev,0,  arrived at dest, 0, this call is done!, Elevator call,304.9984388,6,0,3,0, Done, dt, 23.001561200000026
328.0,Elev,0,  arrived at src, 0, Elevator call,309.3005383,0,-1,2,0
328.0,Elev,0,  arrived at src, 0, Elevator call,312.3018556,0,-1,2,0
328.0,Elev,0,  arrived at src, 0, Elevator call,316.0323783,0,-1,2,0
328.0, elevID,0,  pos,0,  cmd, goto,-1
332.0,Elev,1,  arrived at dest, 1, this call is done!, Elevator call,295.7943357,0,1,3,1, Done, dt, 36.205664300000024
332.0, elevID,1,  pos,1,  cmd, goto,6
333.0,Elevator call,332.4267319,0,10,1,0, got allocated to elevator, 0
, elevID,0,  pos,0,  cmd, stop,0
337.0,Elevator call,336.9304305,-1,0,1,1, got allocated to elevator, 1
338.0,Elev,0,  arrived at src, 0, Elevator call,332.4267319,0,10,2,0
338.0, elevID,0,  pos,0,  cmd, goto,-1
340.0,Elev,1,  arrived at src, 6, Elevator call,319.905202,6,5,2,1
340.0, elevID,1,  pos,6,  cmd, goto,7
348.0,Elev,1,  arrived at src, 7, Elevator call,321.370409,7,-1,2,1
348.0, elevID,1,  pos,7,  cmd, goto,5
349.0,Elev,0,  arrived at dest, -1, this call is done!, Elevator call,309.3005383,0,-1,3,0, Done, dt, 39.69946169999997
349.0,Elev,0,  arrived at dest, -1, this call is done!, Elevator call,312.3018556,0,-1,3,0, Done, dt, 36.69814439999999
349.0,Elev,0,  arrived at dest, -1, this call is done!, Elevator call,316.0323783,0,-1,3,0, Done, dt, 32.967621699999995
349.0,Elev,0,  arrived at src, -1, Elevator call,320.9760749,-1,0,2,0
349.0, elevID,0,  pos,-1,  cmd, goto,0
356.0,Elev,1,  arrived at dest, 5, this call is done!, Elevator call,319.905202,6,5,3,1, Done, dt, 36.094798000000026
356.0, elevID,1,  pos,5,  cmd, goto,-1
360.0,Elev,0,  arrived at dest, 0, this call is done!, Elevator call,320.9760749,-1,0,3,0, Done, dt, 39.023925099999985
360.0, elevID,0,  pos,0,  cmd, goto,10
364.0,Elev,1,  arrived at dest, -1, this call is done!, Elevator call,321.370409,7,-1,3,1, Done, dt, 42.629591000000005
364.0,Elev,1,  arrived at src, -1, Elevator call,336.9304305,-1,0,2,1
364.0, elevID,1,  pos,-1,  cmd, goto,0
372.0,Elev,1,  arrived at dest, 0, this call is done!, Elevator call,336.9304305,-1,0,3,1, Done, dt, 35.0695695
374.0,Elev,0,  arrived at dest, 10, this call is done!, Elevator call,332.4267319,0,10,3,0, Done, dt, 41.57326810000001
376.0,Elevator call,375.490481,1,0,1,1, got allocated to elevator, 1
376.0, elevID,1,  pos,0,  cmd, goto,1
384.0,Elev,1,  arrived at src, 1, Elevator call,375.490481,1,0,2,1
384.0, elevID,1,  pos,1,  cmd, goto,0
392.0,Elev,1,  arrived at dest, 0, this call is done!, Elevator call,375.490481,1,0,3,1, Done, dt, 16.50951900000001
393.0,Elevator call,392.5160765,0,5,1,1, got allocated to elevator, 1
393.0,Elev,1,  arrived at src, 0, Elevator call,392.5160765,0,5,2,1
393.0, elevID,1,  pos,0,  cmd, goto,5
401.0,Elev,1,  arrived at dest, 5, this call is done!, Elevator call,392.5160765,0,5,3,1, Done, dt, 8.483923500000003
406.0,Elevator call,405.1821141,-1,10,1,1, got allocated to elevator, 1
406.0, elevID,1,  pos,5,  cmd, goto,-1
414.0,Elev,1,  arrived at src, -1, Elevator call,405.1821141,-1,10,2,1
414.0, elevID,1,  pos,-1,  cmd, goto,10
423.0,Elev,1,  arrived at dest, 10, this call is done!, Elevator call,405.1821141,-1,10,3,1, Done, dt, 17.81788590000002
427.0,Elevator call,426.8615805,2,0,1,0, got allocated to elevator, 0
427.0, elevID,0,  pos,10,  cmd, goto,2
438.0,Elevator call,437.1711158,1,0,1,0, got allocated to elevator, 0
440.0,Elev,0,  arrived at src, 2, Elevator call,426.8615805,2,0,2,0
440.0, elevID,0,  pos,2,  cmd, goto,1
451.0,Elev,0,  arrived at src, 1, Elevator call,437.1711158,1,0,2,0
451.0, elevID,0,  pos,1,  cmd, goto,0
462.0,Elev,0,  arrived at dest, 0, this call is done!, Elevator call,426.8615805,2,0,3,0, Done, dt, 35.1384195
462.0,Elev,0,  arrived at dest, 0, this call is done!, Elevator call,437.1711158,1,0,3,0, Done, dt, 24.828884200000005
473.0,Elevator call,472.7445474,10,-1,1,1, got allocated to elevator, 1
473.0,Elev,1,  arrived at src, 10, Elevator call,472.7445474,10,-1,2,1
473.0, elevID,1,  pos,10,  cmd, goto,-1
482.0,Elev,1,  arrived at dest, -1, this call is done!, Elevator call,472.7445474,10,-1,3,1, Done, dt, 9.255452600000012
501.0,Elevator call,500.3712045,8,-1,1,0, got allocated to elevator, 0
501.0, elevID,0,  pos,0,  cmd, goto,8
504.0,Elevator call,503.1384784,1,-1,1,0, got allocated to elevator, 0
504.0, elevID,0,  pos,0,  cmd, stop,1
505.0,Elevator call,504.4317942,0,-1,1,0, got allocated to elevator, 0
505.0, elevID,0,  pos,0,  cmd, stop,0
511.0,Elev,0,  arrived at src, 0, Elevator call,504.4317942,0,-1,2,0
511.0, elevID,0,  pos,0,  cmd, goto,1
522.0,Elev,0,  arrived at src, 1, Elevator call,503.1384784,1,-1,2,0
522.0, elevID,0,  pos,1,  cmd, goto,8
530.0,Elevator call,529.6277472,3,-1,1,0, got allocated to elevator, 0
535.0,Elev,0,  arrived at src, 8, Elevator call,500.3712045,8,-1,2,0
535.0, elevID,0,  pos,8,  cmd, goto,3
538.0,Elevator call,537.7866884,-1,6,1,0, got allocated to elevator, 0
545.0,Elevator call,544.7880392,6,-1,1,0, got allocated to elevator, 0
547.0,Elev,0,  arrived at src, 3, Elevator call,529.6277472,3,-1,2,0
547.0, elevID,0,  pos,3,  cmd, goto,-1
555.0,Elevator call,554.0892923,4,0,1,0, got allocated to elevator, 0
558.0,Elevator call,557.244139,10,0,1,0, got allocated to elevator, 0
559.0,Elev,0,  arrived at dest, -1, this call is done!, Elevator call,500.3712045,8,-1,3,0, Done, dt, 58.628795500000024
559.0,Elev,0,  arrived at dest, -1, this call is done!, Elevator call,503.1384784,1,-1,3,0, Done, dt, 55.8615216
559.0,Elev,0,  arrived at dest, -1, this call is done!, Elevator call,504.4317942,0,-1,3,0, Done, dt, 54.56820579999999
559.0,Elev,0,  arrived at dest, -1, this call is done!, Elevator call,529.6277472,3,-1,3,0, Done, dt, 29.372252799999956
559.0,Elev,0,  arrived at src, -1, Elevator call,537.7866884,-1,6,2,0
559.0, elevID,0,  pos,-1,  cmd, goto,4
566.0,Elevator call,565.0195522,0,-1,1,0, got allocated to elevator, 0
571.0,Elev,0,  arrived at src, 4, Elevator call,554.0892923,4,0,2,0
571.0, elevID,0,  pos,4,  cmd, goto,6
582.0,Elevator call,581.870309,0,3,1,0, got allocated to elevator, 0
582.0,Elev,0,  arrived at dest, 6, this call is done!, Elevator call,537.7866884,-1,6,3,0, Done, dt, 44.2133116
582.0,Elev,0,  arrived at src, 6, Elevator call,544.7880392,6,-1,2,0
582.0, elevID,0,  pos,6,  cmd, goto,10
594.0,Elev,0,  arrived at src, 10, Elevator call,557.244139,10,0,2,0
594.0, elevID,0,  pos,10,  cmd, goto,0
597.0,Elevator call,596.1232023,8,0,1,0, got allocated to elevator, 0
, elevID,0,  pos,10,  cmd, stop,8
601.0,Elevator call,600.931288,1,0,1,0, got allocated to elevator, 0
604.0,Elevator call,603.9342327,7,0,1,0, got allocated to elevator, 0
605.0,Elev,0,  arrived at src, 8, Elevator call,596.1232023,8,0,2,0
605.0, elevID,0,  pos,8,  cmd, goto,7
616.0,Elev,0,  arrived at src, 7, Elevator call,603.9342327,7,0,2,0
616.0, elevID,0,  pos,7,  cmd, goto,1
618.0,Elevator call,617.9628339,0,3,1,0, got allocated to elevator, 0
620.0,Elevator call,619.6454197,9,0,1,0, got allocated to elevator, 0
627.0,Elevator call,626.2116172,0,1,1,0, got allocated to elevator, 0
628.0,Elev,0,  arrived at src, 1, Elevator call,600.931288,1,0,2,0
628.0, elevID,0,  pos,1,  cmd, goto,0
639.0,Elev,0,  arrived at dest, 0, this call is done!, Elevator call,554.0892923,4,0,3,0, Done, dt, 84.91070769999999
639.0,Elev,0,  arrived at dest, 0, this call is done!, Elevator call,557.244139,10,0,3,0, Done, dt, 81.75586099999998
639.0,Elev,0,  arrived at src, 0, Elevator call,565.0195522,0,-1,2,0
639.0,Elev,0,  arrived at src, 0, Elevator call,581.870309,0,3,2,0
639.0,Elev,0,  arrived at dest, 0, this call is done!, Elevator call,596.1232023,8,0,3,0, Done, dt, 42.8767977
639.0,Elev,0,  arrived at dest, 0, this call is done!, Elevator call,600.931288,1,0,3,0, Done, dt, 38.068712000000005
639.0,Elev,0,  arrived at dest, 0, this call is done!, Elevator call,603.9342327,7,0,3,0, Done, dt, 35.06576729999995
639.0,Elev,0,  arrived at src, 0, Elevator call,617.9628339,0,3,2,0
639.0,Elev,0,  arrived at src, 0, Elevator call,626.2116172,0,1,2,0
639.0, elevID,0,  pos,0,  cmd, goto,-1
644.0,Elevator call,643.8547515,-1,2,1,1, got allocated to elevator, 1
644.0,Elev,1,  arrived at src, -1, Elevator call,643.8547515,-1,2,2,1
644.0, elevID,1,  pos,-1,  cmd, goto,2
650.0,Elev,0,  arrived at dest, -1, this call is done!, Elevator call,544.7880392,6,-1,3,0, Done, dt, 105.21196080000004
650.0,Elev,0,  arrived at dest, -1, this call is done!, Elevator call,565.0195522,0,-1,3,0, Done, dt, 84.98044779999998
650.0, elevID,0,  pos,-1,  cmd, goto,1
652.0,Elev,1,  arrived at dest, 2, this call is done!, Elevator call,643.8547515,-1,2,3,1, Done, dt, 8.14524849999998
661.0,Elevator call,660.0732908,6,10,1,1, got allocated to elevator, 1
661.0,Elev,0,  arrived at dest, 1, this call is done!, Elevator call,626.2116172,0,1,3,0, Done, dt, 34.78838280000002
661.0, elevID,0,  pos,1,  cmd, goto,3
661.0, elevID,1,  pos,2,  cmd, goto,6
662.0,Elevator call,661.042082,-1,3,1,0, got allocated to elevator, 0
663.0,Elevator call,662.1730528,-1,5,1,0, got allocated to elevator, 0
666.0,Elevator call,665.1155549,-1,8,1,0, got allocated to elevator, 0
667.0,Elevator call,666.0340295,4,0,1,0, got allocated to elevator, 0
667.0,Elevator call,666.2411587,5,-1,1,0, got allocated to elevator, 0
669.0,Elev,1,  arrived at src, 6, Elevator call,660.0732908,6,10,2,1
669.0, elevID,1,  pos,6,  cmd, goto,10
672.0,Elev,0,  arrived at dest, 3, this call is done!, Elevator call,581.870309,0,3,3,0, Done, dt, 90.12969099999998
672.0,Elev,0,  arrived at dest, 3, this call is done!, Elevator call,617.9628339,0,3,3,0, Done, dt, 54.037166100000036
672.0, elevID,0,  pos,3,  cmd, goto,4
673.0,Elevator call,672.6773142,0,-1,1,0, got allocated to elevator, 0
677.0,Elev,1,  arrived at dest, 10, this call is done!, Elevator call,660.0732908,6,10,3,1, Done, dt, 16.926709200000005
678.0,Elevator call,677.7341948,0,-1,1,0, got allocated to elevator, 0
679.0,Elevator call,678.9953585,-1,-2,1,0, got allocated to elevator, 0
683.0,Elev,0,  arrived at src, 4, Elevator call,666.0340295,4,0,2,0
683.0, elevID,0,  pos,4,  cmd, goto,5
694.0,Elev,0,  arrived at src, 5, Elevator call,666.2411587,5,-1,2,0
694.0, elevID,0,  pos,5,  cmd, goto,9
696.0,Elevator call,695.2239882,0,10,1,0, got allocated to elevator, 0
706.0,Elev,0,  arrived at src, 9, Elevator call,619.6454197,9,0,2,0
706.0, elevID,0,  pos,9,  cmd, goto,0
707.0,Elevator call,706.1583475,-1,-2,1,0, got allocated to elevator, 0
711.0,Elevator call,710.324977,0,1,1,0, got allocated to elevator, 0
714.0,Elevator call,713.0191971,1,0,1,0, got allocated to elevator, 0
714.0,Elevator call,713.2499766,10,-1,1,1, got allocated to elevator, 1
714.0,Elev,1,  arrived at src, 10, Elevator call,713.2499766,10,-1,2,1
714.0, elevID,1,  pos,10,  cmd, goto,-1
719.0,Elev,0,  arrived at dest, 0, this call is done!, Elevator call,619.6454197,9,0,3,0, Done, dt, 99.35458029999995
719.0,Elev,0,  arrived at dest, 0, this call is done!, Elevator call,666.0340295,4,0,3,0, Done, dt, 52.965970500000026
719.0,Elev,0,  arrived at src, 0, Elevator call,672.6773142,0,-1,2,0
719.0,Elev,0,  arrived at src, 0, Elevator call,677.7341948,0,-1,2,0
719.0,Elev,0,  arrived at src, 0, Elevator call,695.2239882,0,10,2,0
719.0,Elev,0,  arrived at src, 0, Elevator call,710.324977,0,1,2,0
719.0, elevID,0,  pos,0,  cmd, goto,-1
723.0,Elevator call,722.6161213,10,0,1,0, got allocated to elevator, 0
723.0,Elev,1,  arrived at dest, -1, this call is done!, Elevator call,713.2499766,10,-1,3,1, Done, dt, 9.750023400000032
728.0,Elevator call,727.5146029,-1,0,1,1, got allocated to elevator, 1
728.0,Elev,1,  arrived at src, -1, Elevator call,727.5146029,-1,0,2,1
728.0, elevID,1,  pos,-1,  cmd, goto,0
730.0,Elev,0,  arrived at src, -1, Elevator call,661.042082,-1,3,2,0
730.0,Elev,0,  arrived at src, -1, Elevator call,662.1730528,-1,5,2,0
730.0,Elev,0,  arrived at src, -1, Elevator call,665.1155549,-1,8,2,0
730.0,Elev,0,  arrived at dest, -1, this call is done!, Elevator call,666.2411587,5,-1,3,0, Done, dt, 63.75884129999997
730.0,Elev,0,  arrived at dest, -1, this call is done!, Elevator call,672.6773142,0,-1,3,0, Done, dt, 57.322685800000045
730.0,Elev,0,  arrived at dest, -1, this call is done!, Elevator call,677.7341948,0,-1,3,0, Done, dt, 52.265805200000045
730.0,Elev,0,  arrived at src, -1, Elevator call,678.9953585,-1,-2,2,0
730.0,Elev,0,  arrived at src, -1, Elevator call,706.1583475,-1,-2,2,0
730.0, elevID,0,  pos,-1,  cmd, goto,-2
733.0,Elevator call,732.9746341,6,-1,1,0, got allocated to elevator, 0
736.0,Elev,1,  arrived at dest, 0, this call is done!, Elevator call,727.5146029,-1,0,3,1, Done, dt, 8.4853971
738.0,Elevator call,737.3147202,1,0,1,1, got allocated to elevator, 1
738.0, elevID,1,  pos,0,  cmd, goto,1
741.0,Elev,0,  arrived at dest, -2, this call is done!, Elevator call,678.9953585,-1,-2,3,0, Done, dt, 62.00464150000005
741.0,Elev,0,  arrived at dest, -2, this call is done!, Elevator call,706.1583475,-1,-2,3,0, Done, dt, 34.84165250000001
741.0, elevID,0,  pos,-2,  cmd, goto,1
746.0,Elev,1,  arrived at src, 1, Elevator call,737.3147202,1,0,2,1
746.0, elevID,1,  pos,1,  cmd, goto,0
752.0,Elev,0,  arrived at dest, 1, this call is done!, Elevator call,710.324977,0,1,3,0, Done, dt, 41.67502300000001
752.0,Elev,0,  arrived at src, 1, Elevator call,713.0191971,1,0,2,0
752.0, elevID,0,  pos,1,  cmd, goto,3
754.0,Elev,1,  arrived at dest, 0, this call is done!, Elevator call,737.3147202,1,0,3,1, Done, dt, 16.68527979999999
763.0,Elev,0,  arrived at dest, 3, this call is done!, Elevator call,661.042082,-1,3,3,0, Done, dt, 101.95791799999995
763.0, elevID,0,  pos,3,  cmd, goto,5
774.0,Elev,0,  arrived at dest, 5, this call is done!, Elevator call,662.1730528,-1,5,3,0, Done, dt, 111.82694719999995
774.0, elevID,0,  pos,5,  cmd, goto,6
780.0,Elevator call,779.3996914,-1,5,1,0, got allocated to elevator, 0
785.0,Elev,0,  arrived at src, 6, Elevator call,732.9746341,6,-1,2,0
785.0, elevID,0,  pos,6,  cmd, goto,8
796.0,Elev,0,  arrived at dest, 8, this call is done!, Elevator call,665.1155549,-1,8,3,0, Done, dt, 130.8844451
796.0, elevID,0,  pos,8,  cmd, goto,10
806.0,Elevator call,805.6754743,-1,-2,1,1, got allocated to elevator, 1
806.0, elevID,1,  pos,0,  cmd, goto,-1
807.0,Elev,0,  arrived at dest, 10, this call is done!, Elevator call,695.2239882,0,10,3,0, Done, dt, 111.77601179999999
807.0,Elev,0,  arrived at src, 10, Elevator call,722.6161213,10,0,2,0
807.0, elevID,0,  pos,10,  cmd, goto,0
811.0,Elevator call,810.4469089,2,0,1,0, got allocated to elevator, 0
, elevID,0,  pos,10,  cmd, stop,2
814.0,Elev,1,  arrived at src, -1, Elevator call,805.6754743,-1,-2,2,1
814.0, elevID,1,  pos,-1,  cmd, goto,-2
817.0,Elevator call,816.1516998,7,-1,1,0, got allocated to elevator, 0
820.0,Elev,0,  arrived at src, 2, Elevator call,810.4469089,2,0,2,0
820.0, elevID,0,  pos,2,  cmd, goto,0
822.0,Elev,1,  arrived at dest, -2, this call is done!, Elevator call,805.6754743,-1,-2,3,1, Done, dt, 16.32452569999998
826.0,Elevator call,825.4575185,7,0,1,0, got allocated to elevator, 0
831.0,Elev,0,  arrived at dest, 0, this call is done!, Elevator call,713.0191971,1,0,3,0, Done, dt, 117.98080289999996
831.0,Elev,0,  arrived at dest, 0, this call is done!, Elevator call,722.6161213,10,0,3,0, Done, dt, 108.38387869999997
831.0,Elev,0,  arrived at dest, 0, this call is done!, Elevator call,810.4469089,2,0,3,0, Done, dt, 20.55309109999996
831.0, elevID,0,  pos,0,  cmd, goto,-1
840.0,Elevator call,839.8525653,0,1,1,0, got allocated to elevator, 0
842.0,Elev,0,  arrived at dest, -1, this call is done!, Elevator call,732.9746341,6,-1,3,0, Done, dt, 109.0253659
842.0,Elev,0,  arrived at src, -1, Elevator call,779.3996914,-1,5,2,0
842.0, elevID,0,  pos,-1,  cmd, goto,0
853.0,Elev,0,  arrived at src, 0, Elevator call,839.8525653,0,1,2,0
853.0, elevID,0,  pos,0,  cmd, goto,1
855.0,Elevator call,854.2002278,6,-1,1,0, got allocated to elevator, 0
864.0,Elevator call,863.8932913,0,-1,1,0, got allocated to elevator, 0
864.0,Elev,0,  arrived at dest, 1, this call is done!, Elevator call,839.8525653,0,1,3,0, Done, dt, 24.147434699999963
864.0, elevID,0,  pos,1,  cmd, goto,5
871.0,Elevator call,870.5053024,0,7,1,0, got allocated to elevator, 0
876.0,Elev,0,  arrived at dest, 5, this call is done!, Elevator call,779.3996914,-1,5,3,0, Done, dt, 96.60030859999995
876.0, elevID,0,  pos,5,  cmd, goto,6
887.0,Elevator call,886.5649993,-1,-2,1,1, got allocated to elevator, 1
887.0,Elev,0,  arrived at src, 6, Elevator call,854.2002278,6,-1,2,0
887.0, elevID,0,  pos,6,  cmd, goto,7
887.0, elevID,1,  pos,-2,  cmd, goto,-1
893.0,Elevator call,892.5212151,9,-1,1,0, got allocated to elevator, 0
895.0,Elev,1,  arrived at src, -1, Elevator call,886.5649993,-1,-2,2,1
895.0, elevID,1,  pos,-1,  cmd, goto,-2
898.0,Elev,0,  arrived at src, 7, Elevator call,816.1516998,7,-1,2,0
898.0,Elev,0,  arrived at src, 7, Elevator call,825.4575185,7,0,2,0
898.0, elevID,0,  pos,7,  cmd, goto,9
903.0,Elev,1,  arrived at dest, -2, this call is done!, Elevator call,886.5649993,-1,-2,3,1, Done, dt, 16.435000700000046
909.0,Elev,0,  arrived at src, 9, Elevator call,892.5212151,9,-1,2,0
909.0, elevID,0,  pos,9,  cmd, goto,0
911.0,Elevator call,910.5388559,6,5,1,0, got allocated to elevator, 0
, elevID,0,  pos,9,  cmd, stop,6
916.0,Elevator call,915.9490575,4,-1,1,0, got allocated to elevator, 0
920.0,Elev,0,  arrived at src, 6, Elevator call,910.5388559,6,5,2,0
920.0, elevID,0,  pos,6,  cmd, goto,5
931.0,Elev,0,  arrived at dest, 5, this call is done!, Elevator call,910.5388559,6,5,3,0, Done, dt, 20.461144099999956
931.0, elevID,0,  pos,5,  cmd, goto,4
934.0,Elevator call,933.8580452,7,5,1,0, got allocated to elevator, 0
942.0,Elev,0,  arrived at src, 4, Elevator call,915.9490575,4,-1,2,0
942.0, elevID,0,  pos,4,  cmd, goto,0
954.0,Elev,0,  arrived at dest, 0, this call is done!, Elevator call,825.4575185,7,0,3,0, Done, dt, 128.5424815
954.0,Elev,0,  arrived at src, 0, Elevator call,863.8932913,0,-1,2,0
954.0,Elev,0,  arrived at src, 0, Elevator call,870.5053024,0,7,2,0
954.0, elevID,0,  pos,0,  cmd, goto,-1
962.0,Elevator call,961.6862856,6,-1,1,0, got allocated to elevator, 0
965.0,Elev,0,  arrived at dest, -1, this call is done!, Elevator call,816.1516998,7,-1,3,0, Done, dt, 148.84830020000004
965.0,Elev,0,  arrived at dest, -1, this call is done!, Elevator call,854.2002278,6,-1,3,0, Done, dt, 110.7997722
965.0,Elev,0,  arrived at dest, -1, this call is done!, Elevator call,863.8932913,0,-1,3,0, Done, dt, 101.10670870000001
965.0,Elev,0,  arrived at dest, -1, this call is done!, Elevator call,892.5212151,9,-1,3,0, Done, dt, 72.47878490000005
965.0,Elev,0,  arrived at dest, -1, this call is done!, Elevator call,915.9490575,4,-1,3,0, Done, dt, 49.05094250000002
965.0, elevID,0,  pos,-1,  cmd, goto,6
973.0,Elevator call,972.8032126,1,0,1,0, got allocated to elevator, 0
976.0,Elevator call,975.8361203,0,-1,1,0, got allocated to elevator, 0
978.0,Elev,0,  arrived at src, 6, Elevator call,961.6862856,6,-1,2,0
978.0, elevID,0,  pos,6,  cmd, goto,7
979.0,Elevator call,978.5925149,10,0,1,0, got allocated to elevator, 0
979.0,Elevator call,978.6210501,10,-1,1,0, got allocated to elevator, 0
985.0,Elevator call,984.1840186,7,0,1,0, got allocated to elevator, 0
989.0,Elev,0,  arrived at dest, 7, this call is done!, Elevator call,870.5053024,0,7,3,0, Done, dt, 118.4946976
989.0,Elev,0,  arrived at src, 7, Elevator call,933.8580452,7,5,2,0
989.0,Elev,0,  arrived at src, 7, Elevator call,984.1840186,7,0,2,0
989.0, elevID,0,  pos,7,  cmd, goto,10
1000.0,Elev,0,  arrived at src, 10, Elevator call,978.5925149,10,0,2,0
1000.0,Elev,0,  arrived at src, 10, Elevator call,978.6210501,10,-1,2,0
1000.0, elevID,0,  pos,10,  cmd, goto,5
1012.0,Elev,0,  arrived at dest, 5, this call is done!, Elevator call,933.8580452,7,5,3,0, Done, dt, 78.14195480000001
1012.0, elevID,0,  pos,5,  cmd, goto,1
1024.0,Elev,0,  arrived at src, 1, Elevator call,972.8032126,1,0,2,0
1024.0, elevID,0,  pos,1,  cmd, goto,0
1035.0,Elev,0,  arrived at dest, 0, this call is done!, Elevator call,972.8032126,1,0,3,0, Done, dt, 62.19678739999995
1035.0,Elev,0,  arrived at src, 0, Elevator call,975.8361203,0,-1,2,0
1035.0,Elev,0,  arrived at dest, 0, this call is done!, Elevator call,978.5925149,10,0,3,0, Done, dt, 56.40748510000003
1035.0,Elev,0,  arrived at dest, 0, this call is done!, Elevator call,984.1840186,7,0,3,0, Done, dt, 50.815981400000055
1035.0, elevID,0,  pos,0,  cmd, goto,-1
1046.0,Elev,0,  arrived at dest, -1, this call is done!, Elevator call,961.6862856,6,-1,3,0, Done, dt, 84.31371439999998
1046.0,Elev,0,  arrived at dest, -1, this call is done!, Elevator call,975.8361203,0,-1,3,0, Done, dt, 70.16387970000005
1046.0,Elev,0,  arrived at dest, -1, this call is done!, Elevator call,978.6210501,10,-1,3,0, Done, dt, 67.37894989999995
1047.0,************* Simulation Ended ************
Code Owners,212553788,325107290,3333,  Building_file,B3.json,  Calls,B3_call_a.csv
Total waiting time: 5221.0,  average waiting time per call: 52.21,  unCompleted calls,0,  certificate, -221419380
