Ex1 (OOP) Simulator log: stage B4.json,  B4_call_a.csv
0.0,OOP_Ex1_Elevator_Simulator
0.0,Simulated Building, Building [-10,100]
0) ex1.Elevator_A, Elev_, id,0,  speed, 1.0, open: 2.0,  start: 3.0, close: 2.0,  stop: 3.0
1) ex1.Elevator_A, Elev_, id,1,  speed, 2.0, open: 2.0,  start: 3.0, close: 2.0,  stop: 3.0
2) ex1.Elevator_A, Elev_, id,2,  speed, 8.0, open: 1.25,  start: 1.875, close: 1.25,  stop: 1.875
3) ex1.Elevator_A, Elev_, id,3,  speed, 6.0, open: 1.6666666666666667,  start: 2.5, close: 1.6666666666666667,  stop: 2.5
4) ex1.Elevator_A, Elev_, id,4,  speed, 2.0, open: 2.0,  start: 3.0, close: 2.0,  stop: 3.0

0.0,Simulated Period starTime,0.0,  endTime,1104.1840186,  dt,1.0
0.0,Simulated  calls,Elevator log, size: 100
0.0,**** Simulation starts!! ****
5.0,Elevator call,4.37472729,0,-1,1,0, got allocated to elevator, 0
5.0,Elev,0,  arrived at src, 0, Elevator call,4.37472729,0,-1,2,0
5.0, elevID,0,  pos,0,  cmd, goto,-1
16.0,Elev,0,  arrived at dest, -1, this call is done!, Elevator call,4.37472729,0,-1,3,0, Done, dt, 11.62527271
17.0,Elevator call,16.95788289,-1,0,1,1, got allocated to elevator, 1
17.0, elevID,1,  pos,0,  cmd, goto,-1
23.0,Elevator call,22.0940563,0,-1,1,2, got allocated to elevator, 2
23.0,Elev,2,  arrived at src, 0, Elevator call,22.0940563,0,-1,2,2
23.0, elevID,2,  pos,0,  cmd, goto,-1
28.0,Elev,1,  arrived at src, -1, Elevator call,16.95788289,-1,0,2,1
28.0, elevID,1,  pos,-1,  cmd, goto,0
30.0,Elev,2,  arrived at dest, -1, this call is done!, Elevator call,22.0940563,0,-1,3,2, Done, dt, 7.905943700000002
39.0,Elev,1,  arrived at dest, 0, this call is done!, Elevator call,16.95788289,-1,0,3,1, Done, dt, 22.04211711
86.0,Elevator call,85.52096662,3,2,1,3, got allocated to elevator, 3
86.0, elevID,3,  pos,0,  cmd, goto,3
92.0,Elevator call,91.21019413,-1,-2,1,0, got allocated to elevator, 0
92.0,Elev,0,  arrived at src, -1, Elevator call,91.21019413,-1,-2,2,0
92.0, elevID,0,  pos,-1,  cmd, goto,-2
95.0,Elev,3,  arrived at src, 3, Elevator call,85.52096662,3,2,2,3
95.0, elevID,3,  pos,3,  cmd, goto,2
103.0,Elev,0,  arrived at dest, -2, this call is done!, Elevator call,91.21019413,-1,-2,3,0, Done, dt, 11.789805869999995
104.0,Elev,3,  arrived at dest, 2, this call is done!, Elevator call,85.52096662,3,2,3,3, Done, dt, 18.479033380000004
105.0,Elevator call,104.1370124,0,4,1,1, got allocated to elevator, 1
105.0,Elev,1,  arrived at src, 0, Elevator call,104.1370124,0,4,2,1
105.0, elevID,1,  pos,0,  cmd, goto,4
110.0,Elevator call,109.2135291,-1,0,1,2, got allocated to elevator, 2
110.0,Elev,2,  arrived at src, -1, Elevator call,109.2135291,-1,0,2,2
110.0, elevID,2,  pos,-1,  cmd, goto,0
115.0,Elevator call,114.392351,3,0,1,1, got allocated to elevator, 1
117.0,Elev,1,  arrived at dest, 4, this call is done!, Elevator call,104.1370124,0,4,3,1, Done, dt, 12.862987599999997
117.0, elevID,1,  pos,4,  cmd, goto,3
117.0,Elev,2,  arrived at dest, 0, this call is done!, Elevator call,109.2135291,-1,0,3,2, Done, dt, 7.786470899999998
125.0,Elevator call,124.425571,0,9,1,1, got allocated to elevator, 1
128.0,Elev,1,  arrived at src, 3, Elevator call,114.392351,3,0,2,1
128.0, elevID,1,  pos,3,  cmd, goto,0
131.0,Elevator call,130.0249568,8,10,1,1, got allocated to elevator, 1
131.0,Elevator call,130.2249113,-1,1,1,0, got allocated to elevator, 0
131.0, elevID,0,  pos,-2,  cmd, goto,-1
138.0,Elevator call,137.9515274,0,4,1,2, got allocated to elevator, 2
138.0,Elev,2,  arrived at src, 0, Elevator call,137.9515274,0,4,2,2
138.0, elevID,2,  pos,0,  cmd, goto,4
140.0,Elev,1,  arrived at dest, 0, this call is done!, Elevator call,114.392351,3,0,3,1, Done, dt, 25.607648999999995
140.0,Elev,1,  arrived at src, 0, Elevator call,124.425571,0,9,2,1
140.0, elevID,1,  pos,0,  cmd, goto,8
142.0,Elev,0,  arrived at src, -1, Elevator call,130.2249113,-1,1,2,0
142.0, elevID,0,  pos,-1,  cmd, goto,1
144.0,Elevator call,143.9133584,0,6,1,4, got allocated to elevator, 4
144.0,Elev,4,  arrived at src, 0, Elevator call,143.9133584,0,6,2,4
144.0, elevID,4,  pos,0,  cmd, goto,6
145.0,Elev,2,  arrived at dest, 4, this call is done!, Elevator call,137.9515274,0,4,3,2, Done, dt, 7.048472599999997
154.0,Elev,0,  arrived at dest, 1, this call is done!, Elevator call,130.2249113,-1,1,3,0, Done, dt, 23.775088699999998
154.0,Elev,1,  arrived at src, 8, Elevator call,130.0249568,8,10,2,1
154.0, elevID,1,  pos,8,  cmd, goto,9
157.0,Elev,4,  arrived at dest, 6, this call is done!, Elevator call,143.9133584,0,6,3,4, Done, dt, 13.086641600000007
165.0,Elev,1,  arrived at dest, 9, this call is done!, Elevator call,124.425571,0,9,3,1, Done, dt, 40.574428999999995
165.0, elevID,1,  pos,9,  cmd, goto,10
170.0,Elevator call,169.7845834,-1,0,1,0, got allocated to elevator, 0
170.0, elevID,0,  pos,1,  cmd, goto,-1
171.0,Elevator call,170.0099621,0,6,1,0, got allocated to elevator, 0
, elevID,0,  pos,1,  cmd, stop,0
172.0,Elevator call,171.2117332,-1,8,1,3, got allocated to elevator, 3
172.0, elevID,3,  pos,2,  cmd, goto,-1
175.0,Elevator call,174.8438515,0,-1,1,2, got allocated to elevator, 2
175.0, elevID,2,  pos,4,  cmd, goto,0
176.0,Elev,1,  arrived at dest, 10, this call is done!, Elevator call,130.0249568,8,10,3,1, Done, dt, 45.97504319999999
181.0,Elev,0,  arrived at src, 0, Elevator call,170.0099621,0,6,2,0
181.0, elevID,0,  pos,0,  cmd, goto,-1
181.0,Elev,3,  arrived at src, -1, Elevator call,171.2117332,-1,8,2,3
181.0, elevID,3,  pos,-1,  cmd, goto,8
182.0,Elev,2,  arrived at src, 0, Elevator call,174.8438515,0,-1,2,2
182.0, elevID,2,  pos,0,  cmd, goto,-1
188.0,Elevator call,187.1167862,-1,-2,1,2, got allocated to elevator, 2
188.0,Elevator call,187.7299318,-1,-2,1,2, got allocated to elevator, 2
189.0,Elev,2,  arrived at dest, -1, this call is done!, Elevator call,174.8438515,0,-1,3,2, Done, dt, 14.1561485
189.0,Elev,2,  arrived at src, -1, Elevator call,187.1167862,-1,-2,2,2
189.0,Elev,2,  arrived at src, -1, Elevator call,187.7299318,-1,-2,2,2
189.0, elevID,2,  pos,-1,  cmd, goto,-2
191.0,Elev,3,  arrived at dest, 8, this call is done!, Elevator call,171.2117332,-1,8,3,3, Done, dt, 19.788266800000002
192.0,Elev,0,  arrived at src, -1, Elevator call,169.7845834,-1,0,2,0
192.0, elevID,0,  pos,-1,  cmd, goto,0
196.0,Elevator call,195.9086965,0,7,1,2, got allocated to elevator, 2
196.0,Elev,2,  arrived at dest, -2, this call is done!, Elevator call,187.1167862,-1,-2,3,2, Done, dt, 8.883213799999993
196.0,Elev,2,  arrived at dest, -2, this call is done!, Elevator call,187.7299318,-1,-2,3,2, Done, dt, 8.270068199999997
196.0, elevID,2,  pos,-2,  cmd, goto,0
198.0,Elevator call,197.5359191,-1,1,1,0, got allocated to elevator, 0
203.0,Elev,0,  arrived at dest, 0, this call is done!, Elevator call,169.7845834,-1,0,3,0, Done, dt, 33.2154166
203.0, elevID,0,  pos,0,  cmd, goto,6
203.0,Elev,2,  arrived at src, 0, Elevator call,195.9086965,0,7,2,2
203.0, elevID,2,  pos,0,  cmd, goto,7
206.0,Elevator call,205.9895199,-1,0,1,0, got allocated to elevator, 0
211.0,Elev,2,  arrived at dest, 7, this call is done!, Elevator call,195.9086965,0,7,3,2, Done, dt, 15.09130350000001
219.0,Elev,0,  arrived at dest, 6, this call is done!, Elevator call,170.0099621,0,6,3,0, Done, dt, 48.990037900000004
219.0, elevID,0,  pos,6,  cmd, goto,-1
228.0,Elevator call,227.0798305,-1,5,1,0, got allocated to elevator, 0
232.0,Elevator call,231.5157882,-1,0,1,0, got allocated to elevator, 0
233.0,Elevator call,232.9504362,0,-1,1,0, got allocated to elevator, 0
236.0,Elev,0,  arrived at src, -1, Elevator call,197.5359191,-1,1,2,0
236.0,Elev,0,  arrived at src, -1, Elevator call,205.9895199,-1,0,2,0
236.0,Elev,0,  arrived at src, -1, Elevator call,227.0798305,-1,5,2,0
236.0,Elev,0,  arrived at src, -1, Elevator call,231.5157882,-1,0,2,0
236.0, elevID,0,  pos,-1,  cmd, goto,0
247.0,Elev,0,  arrived at dest, 0, this call is done!, Elevator call,205.9895199,-1,0,3,0, Done, dt, 41.010480099999995
247.0,Elev,0,  arrived at dest, 0, this call is done!, Elevator call,231.5157882,-1,0,3,0, Done, dt, 15.484211799999997
247.0,Elev,0,  arrived at src, 0, Elevator call,232.9504362,0,-1,2,0
247.0, elevID,0,  pos,0,  cmd, goto,1
252.0,Elevator call,251.1044469,-1,-2,1,0, got allocated to elevator, 0
252.0,Elevator call,251.2359335,0,9,1,0, got allocated to elevator, 0
252.0, elevID,0,  pos,0,  cmd, stop,0
255.0,Elevator call,254.6977153,3,4,1,4, got allocated to elevator, 4
255.0, elevID,4,  pos,6,  cmd, goto,3
257.0,Elev,0,  arrived at src, 0, Elevator call,251.2359335,0,9,2,0
257.0, elevID,0,  pos,0,  cmd, goto,1
258.0,Elevator call,257.7974435,-1,0,1,4, got allocated to elevator, 4
267.0,Elev,4,  arrived at src, 3, Elevator call,254.6977153,3,4,2,4
267.0, elevID,4,  pos,3,  cmd, goto,-1
268.0,Elev,0,  arrived at dest, 1, this call is done!, Elevator call,197.5359191,-1,1,3,0, Done, dt, 70.4640809
268.0, elevID,0,  pos,1,  cmd, goto,5
279.0,Elev,4,  arrived at src, -1, Elevator call,257.7974435,-1,0,2,4
279.0, elevID,4,  pos,-1,  cmd, goto,0
282.0,Elev,0,  arrived at dest, 5, this call is done!, Elevator call,227.0798305,-1,5,3,0, Done, dt, 54.920169499999986
282.0, elevID,0,  pos,5,  cmd, goto,9
290.0,Elev,4,  arrived at dest, 0, this call is done!, Elevator call,257.7974435,-1,0,3,4, Done, dt, 32.202556500000014
290.0, elevID,4,  pos,0,  cmd, goto,4
296.0,Elevator call,295.7943357,0,1,1,4, got allocated to elevator, 4
296.0,Elev,0,  arrived at dest, 9, this call is done!, Elevator call,251.2359335,0,9,3,0, Done, dt, 44.76406650000001
296.0, elevID,0,  pos,9,  cmd, goto,-1
302.0,Elev,4,  arrived at dest, 4, this call is done!, Elevator call,254.6977153,3,4,3,4, Done, dt, 47.3022847
302.0, elevID,4,  pos,4,  cmd, goto,0
305.0,Elevator call,304.9984388,6,0,1,2, got allocated to elevator, 2
305.0, elevID,2,  pos,7,  cmd, goto,6
310.0,Elevator call,309.3005383,0,-1,1,2, got allocated to elevator, 2
312.0,Elev,2,  arrived at src, 6, Elevator call,304.9984388,6,0,2,2
312.0, elevID,2,  pos,6,  cmd, goto,0
313.0,Elevator call,312.3018556,0,-1,1,2, got allocated to elevator, 2
314.0,Elev,4,  arrived at src, 0, Elevator call,295.7943357,0,1,2,4
314.0, elevID,4,  pos,0,  cmd, goto,1
316.0,Elev,0,  arrived at dest, -1, this call is done!, Elevator call,232.9504362,0,-1,3,0, Done, dt, 83.04956379999999
316.0,Elev,0,  arrived at src, -1, Elevator call,251.1044469,-1,-2,2,0
316.0, elevID,0,  pos,-1,  cmd, goto,-2
317.0,Elevator call,316.0323783,0,-1,1,2, got allocated to elevator, 2
319.0,Elev,2,  arrived at dest, 0, this call is done!, Elevator call,304.9984388,6,0,3,2, Done, dt, 14.001561200000026
319.0,Elev,2,  arrived at src, 0, Elevator call,309.3005383,0,-1,2,2
319.0,Elev,2,  arrived at src, 0, Elevator call,312.3018556,0,-1,2,2
319.0,Elev,2,  arrived at src, 0, Elevator call,316.0323783,0,-1,2,2
319.0, elevID,2,  pos,0,  cmd, goto,-1
320.0,Elevator call,319.905202,6,5,1,3, got allocated to elevator, 3
320.0, elevID,3,  pos,8,  cmd, goto,6
321.0,Elevator call,320.9760749,-1,0,1,2, got allocated to elevator, 2
322.0,Elevator call,321.370409,7,-1,1,0, got allocated to elevator, 0
325.0,Elev,4,  arrived at dest, 1, this call is done!, Elevator call,295.7943357,0,1,3,4, Done, dt, 29.205664300000024
326.0,Elev,2,  arrived at dest, -1, this call is done!, Elevator call,309.3005383,0,-1,3,2, Done, dt, 16.699461699999972
326.0,Elev,2,  arrived at dest, -1, this call is done!, Elevator call,312.3018556,0,-1,3,2, Done, dt, 13.69814439999999
326.0,Elev,2,  arrived at dest, -1, this call is done!, Elevator call,316.0323783,0,-1,3,2, Done, dt, 9.967621699999995
326.0,Elev,2,  arrived at src, -1, Elevator call,320.9760749,-1,0,2,2
326.0, elevID,2,  pos,-1,  cmd, goto,0
327.0,Elev,0,  arrived at dest, -2, this call is done!, Elevator call,251.1044469,-1,-2,3,0, Done, dt, 75.8955531
327.0, elevID,0,  pos,-2,  cmd, goto,7
329.0,Elev,3,  arrived at src, 6, Elevator call,319.905202,6,5,2,3
329.0, elevID,3,  pos,6,  cmd, goto,5
333.0,Elevator call,332.4267319,0,10,1,2, got allocated to elevator, 2
333.0,Elev,2,  arrived at dest, 0, this call is done!, Elevator call,320.9760749,-1,0,3,2, Done, dt, 12.023925099999985
333.0,Elev,2,  arrived at src, 0, Elevator call,332.4267319,0,10,2,2
333.0, elevID,2,  pos,0,  cmd, goto,10
337.0,Elevator call,336.9304305,-1,0,1,0, got allocated to elevator, 0
338.0,Elev,3,  arrived at dest, 5, this call is done!, Elevator call,319.905202,6,5,3,3, Done, dt, 18.094798000000026
341.0,Elev,2,  arrived at dest, 10, this call is done!, Elevator call,332.4267319,0,10,3,2, Done, dt, 8.573268100000007
346.0,Elev,0,  arrived at src, 7, Elevator call,321.370409,7,-1,2,0
346.0, elevID,0,  pos,7,  cmd, goto,-1
364.0,Elev,0,  arrived at dest, -1, this call is done!, Elevator call,321.370409,7,-1,3,0, Done, dt, 42.629591000000005
364.0,Elev,0,  arrived at src, -1, Elevator call,336.9304305,-1,0,2,0
364.0, elevID,0,  pos,-1,  cmd, goto,0
375.0,Elev,0,  arrived at dest, 0, this call is done!, Elevator call,336.9304305,-1,0,3,0, Done, dt, 38.0695695
376.0,Elevator call,375.490481,1,0,1,4, got allocated to elevator, 4
376.0,Elev,4,  arrived at src, 1, Elevator call,375.490481,1,0,2,4
376.0, elevID,4,  pos,1,  cmd, goto,0
387.0,Elev,4,  arrived at dest, 0, this call is done!, Elevator call,375.490481,1,0,3,4, Done, dt, 11.509519000000012
393.0,Elevator call,392.5160765,0,5,1,0, got allocated to elevator, 0
393.0,Elev,0,  arrived at src, 0, Elevator call,392.5160765,0,5,2,0
393.0, elevID,0,  pos,0,  cmd, goto,5
406.0,Elevator call,405.1821141,-1,10,1,4, got allocated to elevator, 4
406.0, elevID,4,  pos,0,  cmd, goto,-1
408.0,Elev,0,  arrived at dest, 5, this call is done!, Elevator call,392.5160765,0,5,3,0, Done, dt, 15.483923500000003
417.0,Elev,4,  arrived at src, -1, Elevator call,405.1821141,-1,10,2,4
417.0, elevID,4,  pos,-1,  cmd, goto,10
427.0,Elevator call,426.8615805,2,0,1,0, got allocated to elevator, 0
427.0, elevID,0,  pos,5,  cmd, goto,2
433.0,Elev,4,  arrived at dest, 10, this call is done!, Elevator call,405.1821141,-1,10,3,4, Done, dt, 27.81788590000002
438.0,Elevator call,437.1711158,1,0,1,0, got allocated to elevator, 0
440.0,Elev,0,  arrived at src, 2, Elevator call,426.8615805,2,0,2,0
440.0, elevID,0,  pos,2,  cmd, goto,1
451.0,Elev,0,  arrived at src, 1, Elevator call,437.1711158,1,0,2,0
451.0, elevID,0,  pos,1,  cmd, goto,0
462.0,Elev,0,  arrived at dest, 0, this call is done!, Elevator call,426.8615805,2,0,3,0, Done, dt, 35.1384195
462.0,Elev,0,  arrived at dest, 0, this call is done!, Elevator call,437.1711158,1,0,3,0, Done, dt, 24.828884200000005
473.0,Elevator call,472.7445474,10,-1,1,1, got allocated to elevator, 1
473.0,Elev,1,  arrived at src, 10, Elevator call,472.7445474,10,-1,2,1
473.0, elevID,1,  pos,10,  cmd, goto,-1
489.0,Elev,1,  arrived at dest, -1, this call is done!, Elevator call,472.7445474,10,-1,3,1, Done, dt, 16.255452600000012
501.0,Elevator call,500.3712045,8,-1,1,2, got allocated to elevator, 2
501.0, elevID,2,  pos,10,  cmd, goto,8
504.0,Elevator call,503.1384784,1,-1,1,0, got allocated to elevator, 0
504.0, elevID,0,  pos,0,  cmd, goto,1
505.0,Elevator call,504.4317942,0,-1,1,0, got allocated to elevator, 0
505.0, elevID,0,  pos,0,  cmd, stop,0
508.0,Elev,2,  arrived at src, 8, Elevator call,500.3712045,8,-1,2,2
508.0, elevID,2,  pos,8,  cmd, goto,-1
514.0,Elev,0,  arrived at src, 0, Elevator call,504.4317942,0,-1,2,0
514.0, elevID,0,  pos,0,  cmd, goto,1
516.0,Elev,2,  arrived at dest, -1, this call is done!, Elevator call,500.3712045,8,-1,3,2, Done, dt, 15.628795500000024
525.0,Elev,0,  arrived at src, 1, Elevator call,503.1384784,1,-1,2,0
525.0, elevID,0,  pos,1,  cmd, goto,-1
530.0,Elevator call,529.6277472,3,-1,1,3, got allocated to elevator, 3
530.0, elevID,3,  pos,5,  cmd, goto,3
537.0,Elev,0,  arrived at dest, -1, this call is done!, Elevator call,503.1384784,1,-1,3,0, Done, dt, 33.8615216
537.0,Elev,0,  arrived at dest, -1, this call is done!, Elevator call,504.4317942,0,-1,3,0, Done, dt, 32.56820579999999
538.0,Elevator call,537.7866884,-1,6,1,0, got allocated to elevator, 0
538.0,Elev,0,  arrived at src, -1, Elevator call,537.7866884,-1,6,2,0
538.0, elevID,0,  pos,-1,  cmd, goto,6
539.0,Elev,3,  arrived at src, 3, Elevator call,529.6277472,3,-1,2,3
539.0, elevID,3,  pos,3,  cmd, goto,-1
545.0,Elevator call,544.7880392,6,-1,1,0, got allocated to elevator, 0
548.0,Elev,3,  arrived at dest, -1, this call is done!, Elevator call,529.6277472,3,-1,3,3, Done, dt, 18.372252799999956
555.0,Elevator call,554.0892923,4,0,1,0, got allocated to elevator, 0
555.0,Elev,0,  arrived at dest, 6, this call is done!, Elevator call,537.7866884,-1,6,3,0, Done, dt, 17.213311599999997
555.0,Elev,0,  arrived at src, 6, Elevator call,544.7880392,6,-1,2,0
555.0, elevID,0,  pos,6,  cmd, goto,4
558.0,Elevator call,557.244139,10,0,1,4, got allocated to elevator, 4
558.0,Elev,4,  arrived at src, 10, Elevator call,557.244139,10,0,2,4
558.0, elevID,4,  pos,10,  cmd, goto,0
566.0,Elevator call,565.0195522,0,-1,1,0, got allocated to elevator, 0
567.0,Elev,0,  arrived at src, 4, Elevator call,554.0892923,4,0,2,0
567.0, elevID,0,  pos,4,  cmd, goto,0
573.0,Elev,4,  arrived at dest, 0, this call is done!, Elevator call,557.244139,10,0,3,4, Done, dt, 15.755860999999982
581.0,Elev,0,  arrived at dest, 0, this call is done!, Elevator call,554.0892923,4,0,3,0, Done, dt, 26.91070769999999
581.0,Elev,0,  arrived at src, 0, Elevator call,565.0195522,0,-1,2,0
581.0, elevID,0,  pos,0,  cmd, goto,-1
582.0,Elevator call,581.870309,0,3,1,4, got allocated to elevator, 4
582.0,Elev,4,  arrived at src, 0, Elevator call,581.870309,0,3,2,4
582.0, elevID,4,  pos,0,  cmd, goto,3
592.0,Elev,0,  arrived at dest, -1, this call is done!, Elevator call,544.7880392,6,-1,3,0, Done, dt, 47.21196080000004
592.0,Elev,0,  arrived at dest, -1, this call is done!, Elevator call,565.0195522,0,-1,3,0, Done, dt, 26.98044779999998
594.0,Elev,4,  arrived at dest, 3, this call is done!, Elevator call,581.870309,0,3,3,4, Done, dt, 12.12969099999998
597.0,Elevator call,596.1232023,8,0,1,4, got allocated to elevator, 4
597.0, elevID,4,  pos,3,  cmd, goto,8
601.0,Elevator call,600.931288,1,0,1,4, got allocated to elevator, 4
604.0,Elevator call,603.9342327,7,0,1,4, got allocated to elevator, 4
604.0, elevID,4,  pos,7,  cmd, stop,7
609.0,Elev,4,  arrived at src, 7, Elevator call,603.9342327,7,0,2,4
609.0, elevID,4,  pos,7,  cmd, goto,8
618.0,Elevator call,617.9628339,0,3,1,4, got allocated to elevator, 4
620.0,Elevator call,619.6454197,9,0,1,4, got allocated to elevator, 4
620.0,Elev,4,  arrived at src, 8, Elevator call,596.1232023,8,0,2,4
620.0, elevID,4,  pos,8,  cmd, goto,9
627.0,Elevator call,626.2116172,0,1,1,4, got allocated to elevator, 4
631.0,Elev,4,  arrived at src, 9, Elevator call,619.6454197,9,0,2,4
631.0, elevID,4,  pos,9,  cmd, goto,1
644.0,Elevator call,643.8547515,-1,2,1,0, got allocated to elevator, 0
644.0,Elev,0,  arrived at src, -1, Elevator call,643.8547515,-1,2,2,0
644.0, elevID,0,  pos,-1,  cmd, goto,2
645.0,Elev,4,  arrived at src, 1, Elevator call,600.931288,1,0,2,4
645.0, elevID,4,  pos,1,  cmd, goto,0
656.0,Elev,4,  arrived at dest, 0, this call is done!, Elevator call,596.1232023,8,0,3,4, Done, dt, 59.8767977
656.0,Elev,4,  arrived at dest, 0, this call is done!, Elevator call,600.931288,1,0,3,4, Done, dt, 55.068712000000005
656.0,Elev,4,  arrived at dest, 0, this call is done!, Elevator call,603.9342327,7,0,3,4, Done, dt, 52.06576729999995
656.0,Elev,4,  arrived at src, 0, Elevator call,617.9628339,0,3,2,4
656.0,Elev,4,  arrived at dest, 0, this call is done!, Elevator call,619.6454197,9,0,3,4, Done, dt, 36.35458029999995
656.0,Elev,4,  arrived at src, 0, Elevator call,626.2116172,0,1,2,4
656.0, elevID,4,  pos,0,  cmd, goto,1
657.0,Elev,0,  arrived at dest, 2, this call is done!, Elevator call,643.8547515,-1,2,3,0, Done, dt, 13.14524849999998
661.0,Elevator call,660.0732908,6,10,1,0, got allocated to elevator, 0
661.0, elevID,0,  pos,2,  cmd, goto,6
662.0,Elevator call,661.042082,-1,3,1,1, got allocated to elevator, 1
662.0,Elev,1,  arrived at src, -1, Elevator call,661.042082,-1,3,2,1
662.0, elevID,1,  pos,-1,  cmd, goto,3
663.0,Elevator call,662.1730528,-1,5,1,2, got allocated to elevator, 2
663.0,Elev,2,  arrived at src, -1, Elevator call,662.1730528,-1,5,2,2
663.0, elevID,2,  pos,-1,  cmd, goto,5
666.0,Elevator call,665.1155549,-1,8,1,3, got allocated to elevator, 3
666.0,Elev,3,  arrived at src, -1, Elevator call,665.1155549,-1,8,2,3
666.0, elevID,3,  pos,-1,  cmd, goto,8
667.0,Elevator call,666.0340295,4,0,1,1, got allocated to elevator, 1
667.0,Elevator call,666.2411587,5,-1,1,2, got allocated to elevator, 2
667.0,Elev,4,  arrived at dest, 1, this call is done!, Elevator call,626.2116172,0,1,3,4, Done, dt, 40.78838280000002
667.0, elevID,4,  pos,1,  cmd, goto,3
670.0,Elev,2,  arrived at dest, 5, this call is done!, Elevator call,662.1730528,-1,5,3,2, Done, dt, 7.82694719999995
670.0,Elev,2,  arrived at src, 5, Elevator call,666.2411587,5,-1,2,2
670.0, elevID,2,  pos,5,  cmd, goto,-1
673.0,Elevator call,672.6773142,0,-1,1,1, got allocated to elevator, 1
674.0,Elev,1,  arrived at dest, 3, this call is done!, Elevator call,661.042082,-1,3,3,1, Done, dt, 12.95791799999995
674.0, elevID,1,  pos,3,  cmd, goto,4
675.0,Elev,0,  arrived at src, 6, Elevator call,660.0732908,6,10,2,0
675.0, elevID,0,  pos,6,  cmd, goto,10
676.0,Elev,3,  arrived at dest, 8, this call is done!, Elevator call,665.1155549,-1,8,3,3, Done, dt, 10.884445099999994
677.0,Elev,2,  arrived at dest, -1, this call is done!, Elevator call,666.2411587,5,-1,3,2, Done, dt, 10.758841299999972
678.0,Elevator call,677.7341948,0,-1,1,1, got allocated to elevator, 1
678.0,Elev,4,  arrived at dest, 3, this call is done!, Elevator call,617.9628339,0,3,3,4, Done, dt, 60.037166100000036
679.0,Elevator call,678.9953585,-1,-2,1,1, got allocated to elevator, 1
685.0,Elev,1,  arrived at src, 4, Elevator call,666.0340295,4,0,2,1
685.0, elevID,1,  pos,4,  cmd, goto,0
689.0,Elev,0,  arrived at dest, 10, this call is done!, Elevator call,660.0732908,6,10,3,0, Done, dt, 28.926709200000005
696.0,Elevator call,695.2239882,0,10,1,2, got allocated to elevator, 2
696.0, elevID,2,  pos,-1,  cmd, goto,0
697.0,Elev,1,  arrived at dest, 0, this call is done!, Elevator call,666.0340295,4,0,3,1, Done, dt, 30.965970500000026
697.0,Elev,1,  arrived at src, 0, Elevator call,672.6773142,0,-1,2,1
697.0,Elev,1,  arrived at src, 0, Elevator call,677.7341948,0,-1,2,1
697.0, elevID,1,  pos,0,  cmd, goto,-1
703.0,Elev,2,  arrived at src, 0, Elevator call,695.2239882,0,10,2,2
703.0, elevID,2,  pos,0,  cmd, goto,10
707.0,Elevator call,706.1583475,-1,-2,1,1, got allocated to elevator, 1
708.0,Elev,1,  arrived at dest, -1, this call is done!, Elevator call,672.6773142,0,-1,3,1, Done, dt, 35.322685800000045
708.0,Elev,1,  arrived at dest, -1, this call is done!, Elevator call,677.7341948,0,-1,3,1, Done, dt, 30.265805200000045
708.0,Elev,1,  arrived at src, -1, Elevator call,678.9953585,-1,-2,2,1
708.0,Elev,1,  arrived at src, -1, Elevator call,706.1583475,-1,-2,2,1
708.0, elevID,1,  pos,-1,  cmd, goto,-2
711.0,Elevator call,710.324977,0,1,1,4, got allocated to elevator, 4
711.0,Elev,2,  arrived at dest, 10, this call is done!, Elevator call,695.2239882,0,10,3,2, Done, dt, 15.776011799999992
711.0, elevID,4,  pos,3,  cmd, goto,0
714.0,Elevator call,713.0191971,1,0,1,4, got allocated to elevator, 4
714.0,Elevator call,713.2499766,10,-1,1,0, got allocated to elevator, 0
714.0,Elev,0,  arrived at src, 10, Elevator call,713.2499766,10,-1,2,0
714.0, elevID,0,  pos,10,  cmd, goto,-1
, elevID,4,  pos,3,  cmd, stop,1
719.0,Elev,1,  arrived at dest, -2, this call is done!, Elevator call,678.9953585,-1,-2,3,1, Done, dt, 40.00464150000005
719.0,Elev,1,  arrived at dest, -2, this call is done!, Elevator call,706.1583475,-1,-2,3,1, Done, dt, 12.84165250000001
722.0,Elev,4,  arrived at src, 1, Elevator call,713.0191971,1,0,2,4
722.0, elevID,4,  pos,1,  cmd, goto,0
723.0,Elevator call,722.6161213,10,0,1,2, got allocated to elevator, 2
723.0,Elev,2,  arrived at src, 10, Elevator call,722.6161213,10,0,2,2
723.0, elevID,2,  pos,10,  cmd, goto,0
728.0,Elevator call,727.5146029,-1,0,1,0, got allocated to elevator, 0
731.0,Elev,2,  arrived at dest, 0, this call is done!, Elevator call,722.6161213,10,0,3,2, Done, dt, 8.383878699999968
733.0,Elevator call,732.9746341,6,-1,1,3, got allocated to elevator, 3
733.0, elevID,3,  pos,8,  cmd, goto,6
733.0,Elev,4,  arrived at src, 0, Elevator call,710.324977,0,1,2,4
733.0,Elev,4,  arrived at dest, 0, this call is done!, Elevator call,713.0191971,1,0,3,4, Done, dt, 19.980802899999958
733.0, elevID,4,  pos,0,  cmd, goto,1
735.0,Elev,0,  arrived at dest, -1, this call is done!, Elevator call,713.2499766,10,-1,3,0, Done, dt, 21.750023400000032
735.0,Elev,0,  arrived at src, -1, Elevator call,727.5146029,-1,0,2,0
735.0, elevID,0,  pos,-1,  cmd, goto,0
738.0,Elevator call,737.3147202,1,0,1,0, got allocated to elevator, 0
742.0,Elev,3,  arrived at src, 6, Elevator call,732.9746341,6,-1,2,3
742.0, elevID,3,  pos,6,  cmd, goto,-1
744.0,Elev,4,  arrived at dest, 1, this call is done!, Elevator call,710.324977,0,1,3,4, Done, dt, 33.67502300000001
746.0,Elev,0,  arrived at dest, 0, this call is done!, Elevator call,727.5146029,-1,0,3,0, Done, dt, 18.4853971
746.0, elevID,0,  pos,0,  cmd, goto,1
752.0,Elev,3,  arrived at dest, -1, this call is done!, Elevator call,732.9746341,6,-1,3,3, Done, dt, 19.025365899999997
757.0,Elev,0,  arrived at src, 1, Elevator call,737.3147202,1,0,2,0
757.0, elevID,0,  pos,1,  cmd, goto,0
768.0,Elev,0,  arrived at dest, 0, this call is done!, Elevator call,737.3147202,1,0,3,0, Done, dt, 30.68527979999999
780.0,Elevator call,779.3996914,-1,5,1,3, got allocated to elevator, 3
780.0,Elev,3,  arrived at src, -1, Elevator call,779.3996914,-1,5,2,3
780.0, elevID,3,  pos,-1,  cmd, goto,5
790.0,Elev,3,  arrived at dest, 5, this call is done!, Elevator call,779.3996914,-1,5,3,3, Done, dt, 10.600308599999948
806.0,Elevator call,805.6754743,-1,-2,1,0, got allocated to elevator, 0
806.0, elevID,0,  pos,0,  cmd, goto,-1
811.0,Elevator call,810.4469089,2,0,1,2, got allocated to elevator, 2
811.0, elevID,2,  pos,0,  cmd, goto,2
817.0,Elevator call,816.1516998,7,-1,1,3, got allocated to elevator, 3
817.0,Elev,0,  arrived at src, -1, Elevator call,805.6754743,-1,-2,2,0
817.0, elevID,0,  pos,-1,  cmd, goto,-2
817.0, elevID,3,  pos,5,  cmd, goto,7
818.0,Elev,2,  arrived at src, 2, Elevator call,810.4469089,2,0,2,2
818.0, elevID,2,  pos,2,  cmd, goto,0
825.0,Elev,2,  arrived at dest, 0, this call is done!, Elevator call,810.4469089,2,0,3,2, Done, dt, 14.55309109999996
826.0,Elevator call,825.4575185,7,0,1,2, got allocated to elevator, 2
826.0, elevID,2,  pos,0,  cmd, goto,7
826.0,Elev,3,  arrived at src, 7, Elevator call,816.1516998,7,-1,2,3
826.0, elevID,3,  pos,7,  cmd, goto,-1
828.0,Elev,0,  arrived at dest, -2, this call is done!, Elevator call,805.6754743,-1,-2,3,0, Done, dt, 22.32452569999998
834.0,Elev,2,  arrived at src, 7, Elevator call,825.4575185,7,0,2,2
834.0, elevID,2,  pos,7,  cmd, goto,0
836.0,Elev,3,  arrived at dest, -1, this call is done!, Elevator call,816.1516998,7,-1,3,3, Done, dt, 19.84830020000004
840.0,Elevator call,839.8525653,0,1,1,2, got allocated to elevator, 2
842.0,Elev,2,  arrived at dest, 0, this call is done!, Elevator call,825.4575185,7,0,3,2, Done, dt, 16.542481500000008
842.0,Elev,2,  arrived at src, 0, Elevator call,839.8525653,0,1,2,2
842.0, elevID,2,  pos,0,  cmd, goto,1
849.0,Elev,2,  arrived at dest, 1, this call is done!, Elevator call,839.8525653,0,1,3,2, Done, dt, 9.147434699999963
855.0,Elevator call,854.2002278,6,-1,1,2, got allocated to elevator, 2
855.0, elevID,2,  pos,1,  cmd, goto,6
862.0,Elev,2,  arrived at src, 6, Elevator call,854.2002278,6,-1,2,2
862.0, elevID,2,  pos,6,  cmd, goto,-1
864.0,Elevator call,863.8932913,0,-1,1,4, got allocated to elevator, 4
864.0, elevID,4,  pos,1,  cmd, goto,0
870.0,Elev,2,  arrived at dest, -1, this call is done!, Elevator call,854.2002278,6,-1,3,2, Done, dt, 15.799772200000007
871.0,Elevator call,870.5053024,0,7,1,2, got allocated to elevator, 2
871.0, elevID,2,  pos,-1,  cmd, goto,0
875.0,Elev,4,  arrived at src, 0, Elevator call,863.8932913,0,-1,2,4
875.0, elevID,4,  pos,0,  cmd, goto,-1
878.0,Elev,2,  arrived at src, 0, Elevator call,870.5053024,0,7,2,2
878.0, elevID,2,  pos,0,  cmd, goto,7
886.0,Elev,2,  arrived at dest, 7, this call is done!, Elevator call,870.5053024,0,7,3,2, Done, dt, 15.494697599999995
886.0,Elev,4,  arrived at dest, -1, this call is done!, Elevator call,863.8932913,0,-1,3,4, Done, dt, 22.106708700000013
887.0,Elevator call,886.5649993,-1,-2,1,3, got allocated to elevator, 3
887.0,Elev,3,  arrived at src, -1, Elevator call,886.5649993,-1,-2,2,3
887.0, elevID,3,  pos,-1,  cmd, goto,-2
893.0,Elevator call,892.5212151,9,-1,1,2, got allocated to elevator, 2
893.0, elevID,2,  pos,7,  cmd, goto,9
896.0,Elev,3,  arrived at dest, -2, this call is done!, Elevator call,886.5649993,-1,-2,3,3, Done, dt, 9.435000700000046
900.0,Elev,2,  arrived at src, 9, Elevator call,892.5212151,9,-1,2,2
900.0, elevID,2,  pos,9,  cmd, goto,-1
908.0,Elev,2,  arrived at dest, -1, this call is done!, Elevator call,892.5212151,9,-1,3,2, Done, dt, 15.47878490000005
911.0,Elevator call,910.5388559,6,5,1,2, got allocated to elevator, 2
911.0, elevID,2,  pos,-1,  cmd, goto,6
916.0,Elevator call,915.9490575,4,-1,1,2, got allocated to elevator, 2
919.0,Elev,2,  arrived at src, 6, Elevator call,910.5388559,6,5,2,2
919.0, elevID,2,  pos,6,  cmd, goto,5
926.0,Elev,2,  arrived at dest, 5, this call is done!, Elevator call,910.5388559,6,5,3,2, Done, dt, 15.461144099999956
926.0, elevID,2,  pos,5,  cmd, goto,4
933.0,Elev,2,  arrived at src, 4, Elevator call,915.9490575,4,-1,2,2
933.0, elevID,2,  pos,4,  cmd, goto,-1
934.0,Elevator call,933.8580452,7,5,1,2, got allocated to elevator, 2
940.0,Elev,2,  arrived at dest, -1, this call is done!, Elevator call,915.9490575,4,-1,3,2, Done, dt, 24.05094250000002
940.0, elevID,2,  pos,-1,  cmd, goto,7
948.0,Elev,2,  arrived at src, 7, Elevator call,933.8580452,7,5,2,2
948.0, elevID,2,  pos,7,  cmd, goto,5
955.0,Elev,2,  arrived at dest, 5, this call is done!, Elevator call,933.8580452,7,5,3,2, Done, dt, 21.141954800000008
962.0,Elevator call,961.6862856,6,-1,1,2, got allocated to elevator, 2
962.0, elevID,2,  pos,5,  cmd, goto,6
969.0,Elev,2,  arrived at src, 6, Elevator call,961.6862856,6,-1,2,2
969.0, elevID,2,  pos,6,  cmd, goto,-1
973.0,Elevator call,972.8032126,1,0,1,2, got allocated to elevator, 2
976.0,Elevator call,975.8361203,0,-1,1,2, got allocated to elevator, 2
977.0,Elev,2,  arrived at dest, -1, this call is done!, Elevator call,961.6862856,6,-1,3,2, Done, dt, 15.31371439999998
977.0, elevID,2,  pos,-1,  cmd, goto,0
979.0,Elevator call,978.5925149,10,0,1,2, got allocated to elevator, 2
979.0,Elevator call,978.6210501,10,-1,1,2, got allocated to elevator, 2
984.0,Elev,2,  arrived at src, 0, Elevator call,975.8361203,0,-1,2,2
984.0, elevID,2,  pos,0,  cmd, goto,1
985.0,Elevator call,984.1840186,7,0,1,2, got allocated to elevator, 2
991.0,Elev,2,  arrived at src, 1, Elevator call,972.8032126,1,0,2,2
991.0, elevID,2,  pos,1,  cmd, goto,7
998.0,Elev,2,  arrived at src, 7, Elevator call,984.1840186,7,0,2,2
998.0, elevID,2,  pos,7,  cmd, goto,10
1005.0,Elev,2,  arrived at src, 10, Elevator call,978.5925149,10,0,2,2
1005.0,Elev,2,  arrived at src, 10, Elevator call,978.6210501,10,-1,2,2
1005.0, elevID,2,  pos,10,  cmd, goto,0
1013.0,Elev,2,  arrived at dest, 0, this call is done!, Elevator call,972.8032126,1,0,3,2, Done, dt, 40.19678739999995
1013.0,Elev,2,  arrived at dest, 0, this call is done!, Elevator call,978.5925149,10,0,3,2, Done, dt, 34.40748510000003
1013.0,Elev,2,  arrived at dest, 0, this call is done!, Elevator call,984.1840186,7,0,3,2, Done, dt, 28.815981400000055
1013.0, elevID,2,  pos,0,  cmd, goto,-1
1020.0,Elev,2,  arrived at dest, -1, this call is done!, Elevator call,975.8361203,0,-1,3,2, Done, dt, 44.16387970000005
1020.0,Elev,2,  arrived at dest, -1, this call is done!, Elevator call,978.6210501,10,-1,3,2, Done, dt, 41.37894989999995
1021.0,************* Simulation Ended ************
Code Owners,212553788,325107290,3333,  Building_file,B4.json,  Calls,B4_call_a.csv
Total waiting time: 2535.0,  average waiting time per call: 25.35,  unCompleted calls,0,  certificate, -44290549
